#
# A fatal error has been detected by the Java Runtime Environment:
#
#  EXCEPTION_ACCESS_VIOLATION (0xc0000005) at pc=0x00007ffdcd7af23b, pid=4296, tid=4604
#
# JRE version: OpenJDK Runtime Environment (11.0.8+10) (build 11.0.8+10-b944.6842174)
# Java VM: OpenJDK 64-Bit Server VM (11.0.8+10-b944.6842174, mixed mode, tiered, compressed oops, g1 gc, windows-amd64)
# Problematic frame:
# V  [jvm.dll+0x2df23b]
#
# No core dump will be written. Minidumps are not enabled by default on client versions of Windows
#
# If you would like to submit a bug report, please visit:
#   https://bugreport.java.com/bugreport/crash.jsp
#

---------------  S U M M A R Y ------------

Command Line: --add-opens=java.base/java.util=ALL-UNNAMED --add-opens=java.base/java.lang=ALL-UNNAMED --add-opens=java.base/java.lang.invoke=ALL-UNNAMED --add-opens=java.prefs/java.util.prefs=ALL-UNNAMED -Xmx2048m -Dfile.encoding=UTF-8 -Duser.country=IN -Duser.language=en -Duser.variant org.gradle.launcher.daemon.bootstrap.GradleDaemon 6.7.1

Host: Intel(R) Core(TM) i5-1035G1 CPU @ 1.00GHz, 8 cores, 11G,  Windows 10 , 64 bit Build 19041 (10.0.19041.928)
Time: Fri Jun 25 10:18:55 2021 India Standard Time elapsed time: 33 seconds (0d 0h 0m 33s)

---------------  T H R E A D  ---------------

Current thread (0x00000208e6877800):  ConcurrentGCThread "G1 Conc#0" [stack: 0x0000000b1fa00000,0x0000000b1fb00000] [id=4604]

Stack: [0x0000000b1fa00000,0x0000000b1fb00000],  sp=0x0000000b1faff910,  free space=1022k
Native frames: (J=compiled Java code, j=interpreted, Vv=VM code, C=native code)
V  [jvm.dll+0x2df23b]
V  [jvm.dll+0x2e0ddb]
V  [jvm.dll+0x2dfa29]
V  [jvm.dll+0x2e3d96]
V  [jvm.dll+0x7384e0]
V  [jvm.dll+0x6d3895]
V  [jvm.dll+0x5dd4a6]
C  [ucrtbase.dll+0x21bb2]
C  [KERNEL32.DLL+0x17034]
C  [ntdll.dll+0x52651]


siginfo: EXCEPTION_ACCESS_VIOLATION (0xc0000005), reading address 0xffffffffffffff6f


Register to memory mapping:

RIP=0x00007ffdcd7af23b jvm.dll
RAX=0x0000000000030f48 is an unknown value
RBX=0x00000000816e3f40 is an oop: [Ljava.util.HashMap$Node; 
{0x00000000816e3f40} - klass: 'java/util/HashMap$Node'[]
 - length: 16
RCX=0x000000000000000a is an unknown value
RDX=0x0000000000000016 is an unknown value
RSP=0x0000000b1faff910 points into unknown readable memory: e8 c7 2d 00 00 00 00 00
RBP=0x00000000002e0000 is an unknown value
RSI=0xffffffffffffff67 is an unknown value
RDI=0x00000000002dc7e8 is an unknown value
R8 =0x0000000000000004 is an unknown value
R9 =0x0000000100032678 is a pointer to class: 
java.util.HashMap$Node {0x0000000100032680}
R10=0x00000208e686b2b0 points into unknown readable memory: 00 40 87 e6 08 02 00 00
R11=0x00000208fe000000 points into unknown readable memory: 49 92 24 49 92 24 49 92
R12=0x000000000000000c is an unknown value
R13=0xaaaaaaaaaaaaaaab is an unknown value
R14=0x00000208e6877b01 points into unknown readable memory: 00 00 00 00 00 00 00
R15=0x0000000b1faff9e0 points into unknown readable memory: b0 b2 86 e6 08 02 00 00


Registers:
RAX=0x0000000000030f48, RBX=0x00000000816e3f40, RCX=0x000000000000000a, RDX=0x0000000000000016
RSP=0x0000000b1faff910, RBP=0x00000000002e0000, RSI=0xffffffffffffff67, RDI=0x00000000002dc7e8
R8 =0x0000000000000004, R9 =0x0000000100032678, R10=0x00000208e686b2b0, R11=0x00000208fe000000
R12=0x000000000000000c, R13=0xaaaaaaaaaaaaaaab, R14=0x00000208e6877b01, R15=0x0000000b1faff9e0
RIP=0x00007ffdcd7af23b, EFLAGS=0x0000000000010206

Top of Stack: (sp=0x0000000b1faff910)
0x0000000b1faff910:   00000000002dc7e8 0000000b1faff9e0
0x0000000b1faff920:   0000000080fae220 00000000002dc7e6
0x0000000b1faff930:   00000208e686b300 00007ffdcd7b0ddb
0x0000000b1faff940:   00000000816e3f40 00000000002dc7e6
0x0000000b1faff950:   00000000816e3f40 000000000004c4b4
0x0000000b1faff960:   0000000000000000 00000208e6877b01
0x0000000b1faff970:   0000000000000001 00007ffdcd7afa29
0x0000000b1faff980:   0000000000000555 0000000b1faffa59
0x0000000b1faff990:   0000000000000000 00000208e6879140
0x0000000b1faff9a0:   0000000081600000 0000000000020000
0x0000000b1faff9b0:   0000000000000000 00007ffdcda816a6
0x0000000b1faff9c0:   00000208e6877800 0000000000000000
0x0000000b1faff9d0:   00000208e6876300 00007ffdcdaab670
0x0000000b1faff9e0:   00000208e686b2b0 00000208e6879140
0x0000000b1faff9f0:   0000000000000000 00000208e6827b10
0x0000000b1faffa00:   00000208e6876300 00007ffdcdcde160 

Instructions: (pc=0x00007ffdcd7af23b)
0x00007ffdcd7af13b:   80 00 00 00 00 48 39 2d e1 67 70 00 48 8b fd 49
0x00007ffdcd7af14b:   8b 47 10 48 0f 42 3d d2 67 70 00 4c 39 2d e3 55
0x00007ffdcd7af15b:   70 00 48 8b 98 a0 02 00 00 49 8b 1c 1e 74 21 48
0x00007ffdcd7af16b:   8d 8b 04 01 00 00 e8 6a c6 06 00 4c 8b c8 48 8d
0x00007ffdcd7af17b:   0d 30 f7 52 00 44 8b c6 48 8b d7 e8 35 cb ff ff
0x00007ffdcd7af18b:   48 8d 04 fd 00 00 00 00 48 8b d3 48 01 83 30 01
0x00007ffdcd7af19b:   00 00 49 8b 4f 20 48 8b 01 ff 10 48 8b 83 60 01
0x00007ffdcd7af1ab:   00 00 48 2b ef 48 89 83 58 01 00 00 ff c6 48 8b
0x00007ffdcd7af1bb:   43 08 49 83 c6 08 48 89 83 60 01 00 00 48 8b 83
0x00007ffdcd7af1cb:   30 01 00 00 48 89 83 28 01 00 00 4c 89 ab 30 01
0x00007ffdcd7af1db:   00 00 41 3b f4 0f 82 5a ff ff ff 4c 8b 74 24 20
0x00007ffdcd7af1eb:   4c 8b 6c 24 60 48 8b 7c 24 58 48 8b 5c 24 50 48
0x00007ffdcd7af1fb:   83 c4 28 41 5f 41 5c 5e 5d c3 cc cc cc cc cc cc
0x00007ffdcd7af20b:   cc cc cc cc cc 48 89 5c 24 18 56 48 83 ec 20 48
0x00007ffdcd7af21b:   8b 41 08 48 8b f1 48 89 54 24 30 48 89 90 98 00
0x00007ffdcd7af22b:   00 00 48 8d 54 24 30 48 8b 49 08 e8 65 e1 ff ff
0x00007ffdcd7af23b:   48 8b 4e 08 b2 01 e8 7a 12 00 00 48 8b 5e 08 80
0x00007ffdcd7af24b:   bb dc 00 00 00 00 75 5d 48 8b 4b 20 48 b8 ab aa
0x00007ffdcd7af25b:   aa aa aa aa aa aa 48 89 7c 24 38 48 f7 a1 d0 00
0x00007ffdcd7af26b:   00 00 48 8b fa 48 d1 ef 48 8b 43 20 48 8b 88 e0
0x00007ffdcd7af27b:   01 00 00 48 69 c1 ff 03 00 00 48 3b c7 76 1f 48
0x00007ffdcd7af28b:   8b cb e8 7e 17 00 00 84 c0 74 0a b2 01 48 8b cb
0x00007ffdcd7af29b:   e8 20 12 00 00 80 bb dc 00 00 00 00 74 ca 48 8b
0x00007ffdcd7af2ab:   7c 24 38 66 90 48 8b 46 08 48 8b 5c 24 40 80 b8
0x00007ffdcd7af2bb:   dc 00 00 00 00 0f 94 c0 48 83 c4 20 5e c3 cc cc
0x00007ffdcd7af2cb:   cc cc cc cc cc 4d 85 c0 74 60 48 89 5c 24 08 48
0x00007ffdcd7af2db:   89 74 24 10 48 89 7c 24 18 41 56 48 83 ec 20 49
0x00007ffdcd7af2eb:   8b f0 4c 8b f2 48 8b f9 33 db 66 66 66 0f 1f 84
0x00007ffdcd7af2fb:   00 00 00 00 00 48 8b 47 08 49 8b 14 de 48 ff 80
0x00007ffdcd7af30b:   c0 00 00 00 48 8b 4f 08 e8 08 85 ff ff 48 ff c3
0x00007ffdcd7af31b:   48 3b de 72 e0 48 8b 5c 24 30 48 8b 74 24 38 48
0x00007ffdcd7af32b:   8b 7c 24 40 48 83 c4 20 41 5e c3 cc cc cc cc cc 


Stack slot to memory mapping:
stack at sp + 0 slots: 0x00000000002dc7e8 is an unknown value
stack at sp + 1 slots: 0x0000000b1faff9e0 points into unknown readable memory: b0 b2 86 e6 08 02 00 00
stack at sp + 2 slots: 0x0000000080fae220 is an oop: java.lang.String 
{0x0000000080fae220} - klass: 'java/lang/String'
stack at sp + 3 slots: 0x00000000002dc7e6 is an unknown value
stack at sp + 4 slots: 0x00000208e686b300 points into unknown readable memory: 00 00 00 80 00 00 00 00
stack at sp + 5 slots: 0x00007ffdcd7b0ddb jvm.dll
stack at sp + 6 slots: 0x00000000816e3f40 is an oop: [Ljava.util.HashMap$Node; 
{0x00000000816e3f40} - klass: 'java/util/HashMap$Node'[]
 - length: 16
stack at sp + 7 slots: 0x00000000002dc7e6 is an unknown value


---------------  P R O C E S S  ---------------

Threads class SMR info:
_java_thread_list=0x0000020887959c10, length=179, elements={
0x00000208e6829000, 0x0000020882b0b800, 0x0000020882b0d000, 0x0000020882b08800,
0x0000020883363800, 0x0000020883365800, 0x000002088336d800, 0x0000020883372800,
0x00000208834e6800, 0x00000208834ef800, 0x0000020885b9f800, 0x000002088361b000,
0x00000208856a4000, 0x00000208844f5000, 0x0000020884100000, 0x0000020885423000,
0x0000020884b23800, 0x0000020884fd8000, 0x0000020884e81000, 0x00000208856c6000,
0x0000020885b97800, 0x0000020885b98000, 0x0000020885b95800, 0x0000020885b95000,
0x0000020885b99000, 0x0000020885b94000, 0x0000020885b96800, 0x0000020885b93800,
0x0000020885b9a000, 0x0000020884f95000, 0x0000020884f9a000, 0x0000020884f98000,
0x0000020884f96800, 0x0000020884f95800, 0x0000020884f97800, 0x0000020884f99000,
0x00000208889ae000, 0x00000208889af000, 0x00000208889ad000, 0x00000208889aa800,
0x00000208889ab800, 0x00000208889af800, 0x00000208889aa000, 0x00000208889ac800,
0x00000208889b0800, 0x0000020884516000, 0x0000020884513800, 0x0000020884518800,
0x0000020884513000, 0x0000020884519800, 0x0000020884517000, 0x0000020884515800,
0x0000020884517800, 0x000002088451a000, 0x0000020884514800, 0x000002088451c800,
0x000002088451c000, 0x000002088451f000, 0x0000020884520000, 0x0000020884520800,
0x000002088451b000, 0x0000020884521800, 0x000002088451d800, 0x000002088451e800,
0x0000020889282000, 0x0000020889283000, 0x0000020889287000, 0x0000020889289800,
0x0000020889288000, 0x0000020889283800, 0x0000020889288800, 0x0000020889284800,
0x000002088928a000, 0x000002088928b000, 0x0000020889285800, 0x0000020889286000,
0x0000020889290000, 0x000002088928c000, 0x000002088928d800, 0x000002088928e800,
0x000002088928f000, 0x0000020889291000, 0x000002088928c800, 0x000002088724c000,
0x000002088724b000, 0x0000020887251800, 0x000002088724d000, 0x0000020887252800,
0x0000020887251000, 0x000002088724d800, 0x0000020887250000, 0x0000020887253800,
0x0000020887254000, 0x000002088724e800, 0x0000020887255000, 0x000002088724f000,
0x0000020887259000, 0x0000020887257800, 0x0000020887258000, 0x0000020887256800,
0x0000020887255800, 0x000002088725a000, 0x0000020887ce4800, 0x0000020887cdf800,
0x0000020887ce2000, 0x0000020887ce5000, 0x0000020887ce1000, 0x0000020887ce6000,
0x0000020887ce0800, 0x0000020887ce3800, 0x0000020887ce7000, 0x0000020887ce2800,
0x0000020887ce8800, 0x0000020887ce9800, 0x0000020887ceb000, 0x0000020887cec800,
0x0000020887cea000, 0x0000020887ceb800, 0x0000020887ced800, 0x0000020887ce7800,
0x0000020887cee000, 0x0000020888acb800, 0x0000020888ac9800, 0x0000020888ac7800,
0x0000020888aca000, 0x0000020888ac8800, 0x0000020888acc800, 0x0000020888acd800,
0x0000020888acf000, 0x0000020888ad0800, 0x0000020888acb000, 0x0000020888ad1800,
0x0000020888ad4000, 0x0000020888ace000, 0x0000020888ad4800, 0x0000020888ad0000,
0x0000020888ad3000, 0x0000020888ad5800, 0x0000020888ad6800, 0x0000020888ad2800,
0x0000020887d39000, 0x0000020887d3a000, 0x0000020887d37000, 0x0000020887d36000,
0x0000020887d37800, 0x0000020887d38800, 0x0000020887d3b000, 0x0000020887d35000,
0x0000020887d3c800, 0x0000020887d3b800, 0x0000020887d42000, 0x0000020887d40800,
0x0000020887d3f800, 0x0000020887d3f000, 0x0000020887d3e000, 0x0000020887d43000,
0x0000020887d41800, 0x0000020887d3d800, 0x0000020887d44000, 0x0000020888b24000,
0x0000020888b23800, 0x0000020888b26000, 0x0000020888b27800, 0x0000020888b21800,
0x0000020888b2e000, 0x0000020888b2b800, 0x0000020888b28000, 0x0000020888b2a000,
0x0000020888b2a800, 0x0000020888b2c800, 0x0000020888b2d000, 0x0000020888b2f000,
0x0000020888b29000, 0x0000020884f9a800, 0x000002088c9c4000, 0x000002088c9c9000,
0x000002088c9ca000, 0x000002088c9c5000, 0x000002088c9c2800
}

Java Threads: ( => current thread )
  0x00000208e6829000 JavaThread "main" [_thread_blocked, id=4496, stack(0x0000000b1f700000,0x0000000b1f800000)]
  0x0000020882b0b800 JavaThread "Reference Handler" daemon [_thread_blocked, id=4544, stack(0x0000000b1fe00000,0x0000000b1ff00000)]
  0x0000020882b0d000 JavaThread "Finalizer" daemon [_thread_blocked, id=4500, stack(0x0000000b1ff00000,0x0000000b20000000)]
  0x0000020882b08800 JavaThread "Signal Dispatcher" daemon [_thread_blocked, id=4420, stack(0x0000000b20000000,0x0000000b20100000)]
  0x0000020883363800 JavaThread "Attach Listener" daemon [_thread_blocked, id=4524, stack(0x0000000b20100000,0x0000000b20200000)]
  0x0000020883365800 JavaThread "C2 CompilerThread0" daemon [_thread_in_native, id=4460, stack(0x0000000b20200000,0x0000000b20300000)]
  0x000002088336d800 JavaThread "C1 CompilerThread0" daemon [_thread_blocked, id=4540, stack(0x0000000b20300000,0x0000000b20400000)]
  0x0000020883372800 JavaThread "Sweeper thread" daemon [_thread_blocked, id=4844, stack(0x0000000b20400000,0x0000000b20500000)]
  0x00000208834e6800 JavaThread "Common-Cleaner" daemon [_thread_blocked, id=4620, stack(0x0000000b20500000,0x0000000b20600000)]
  0x00000208834ef800 JavaThread "Service Thread" daemon [_thread_blocked, id=4644, stack(0x0000000b20600000,0x0000000b20700000)]
  0x0000020885b9f800 JavaThread "Daemon health stats" [_thread_blocked, id=4760, stack(0x0000000b20d00000,0x0000000b20e00000)]
  0x000002088361b000 JavaThread "Incoming local TCP Connector on port 50267" [_thread_in_native, id=5316, stack(0x0000000b20e00000,0x0000000b20f00000)]
  0x00000208856a4000 JavaThread "Daemon periodic checks" [_thread_blocked, id=4880, stack(0x0000000b20f00000,0x0000000b21000000)]
  0x00000208844f5000 JavaThread "Daemon" [_thread_blocked, id=4920, stack(0x0000000b21000000,0x0000000b21100000)]
  0x0000020884100000 JavaThread "Handler for socket connection from /127.0.0.1:50267 to /127.0.0.1:50268" [_thread_in_native, id=4916, stack(0x0000000b21100000,0x0000000b21200000)]
  0x0000020885423000 JavaThread "Cancel handler" [_thread_blocked, id=5024, stack(0x0000000b21200000,0x0000000b21300000)]
  0x0000020884b23800 JavaThread "Daemon worker" [_thread_blocked, id=5020, stack(0x0000000b21300000,0x0000000b21400000)]
  0x0000020884fd8000 JavaThread "Asynchronous log dispatcher for DefaultDaemonConnection: socket connection from /127.0.0.1:50267 to /127.0.0.1:50268" [_thread_blocked, id=6588, stack(0x0000000b21400000,0x0000000b21500000)]
  0x0000020884e81000 JavaThread "Stdin handler" [_thread_blocked, id=5252, stack(0x0000000b21500000,0x0000000b21600000)]
  0x00000208856c6000 JavaThread "Thread-8" [_thread_blocked, id=5264, stack(0x0000000b21600000,0x0000000b21700000)]
  0x0000020885b97800 JavaThread "Cache worker for file hash cache (C:\Users\OMKUMAR\.gradle\caches\6.7.1\fileHashes)" [_thread_blocked, id=5472, stack(0x0000000b21700000,0x0000000b21800000)]
  0x0000020885b98000 JavaThread "File lock request listener" [_thread_in_native, id=5476, stack(0x0000000b21800000,0x0000000b21900000)]
  0x0000020885b95800 JavaThread "Cache worker for journal cache (C:\Users\OMKUMAR\.gradle\caches\journal-1)" [_thread_blocked, id=5768, stack(0x0000000b21e00000,0x0000000b21f00000)]
  0x0000020885b95000 JavaThread "Cache worker for file hash cache (C:\Users\OMKUMAR\AndroidStudioProjects\DhitiFoundation\.gradle\6.7.1\fileHashes)" [_thread_blocked, id=11532, stack(0x0000000b22000000,0x0000000b22100000)]
  0x0000020885b99000 JavaThread "Cache worker for checksums cache (C:\Users\OMKUMAR\AndroidStudioProjects\DhitiFoundation\.gradle\checksums)" [_thread_blocked, id=6832, stack(0x0000000b22100000,0x0000000b22200000)]
  0x0000020885b94000 JavaThread "Cache worker for cache directory md-supplier (C:\Users\OMKUMAR\.gradle\caches\6.7.1\md-supplier)" [_thread_blocked, id=6840, stack(0x0000000b21f00000,0x0000000b22000000)]
  0x0000020885b96800 JavaThread "Cache worker for cache directory md-rule (C:\Users\OMKUMAR\.gradle\caches\6.7.1\md-rule)" [_thread_blocked, id=7144, stack(0x0000000b22200000,0x0000000b22300000)]
  0x0000020885b93800 JavaThread "Cache worker for execution history cache (C:\Users\OMKUMAR\.gradle\caches\6.7.1\executionHistory)" [_thread_blocked, id=1188, stack(0x0000000b22400000,0x0000000b22500000)]
  0x0000020885b9a000 JavaThread "jar transforms" [_thread_blocked, id=1644, stack(0x0000000b22500000,0x0000000b22600000)]
  0x0000020884f95000 JavaThread "Cache worker for file content cache (C:\Users\OMKUMAR\.gradle\caches\6.7.1\fileContent)" [_thread_blocked, id=1632, stack(0x0000000b22600000,0x0000000b22700000)]
  0x0000020884f9a000 JavaThread "Cache worker for Build Output Cleanup Cache (C:\Users\OMKUMAR\AndroidStudioProjects\DhitiFoundation\.gradle\buildOutputCleanup)" [_thread_blocked, id=4164, stack(0x0000000b22700000,0x0000000b22800000)]
  0x0000020884f98000 JavaThread "Build operations" [_thread_blocked, id=4188, stack(0x0000000b22800000,0x0000000b22900000)]
  0x0000020884f96800 JavaThread "Build operations Thread 2" [_thread_blocked, id=6916, stack(0x0000000b22900000,0x0000000b22a00000)]
  0x0000020884f95800 JavaThread "Build operations Thread 3" [_thread_blocked, id=6884, stack(0x0000000b22a00000,0x0000000b22b00000)]
  0x0000020884f97800 JavaThread "Build operations Thread 4" [_thread_blocked, id=6932, stack(0x0000000b22b00000,0x0000000b22c00000)]
  0x0000020884f99000 JavaThread "Build operations Thread 5" [_thread_blocked, id=3436, stack(0x0000000b22c00000,0x0000000b22d00000)]
  0x00000208889ae000 JavaThread "Build operations Thread 6" [_thread_blocked, id=7032, stack(0x0000000b22d00000,0x0000000b22e00000)]
  0x00000208889af000 JavaThread "Build operations Thread 7" [_thread_blocked, id=7324, stack(0x0000000b22e00000,0x0000000b22f00000)]
  0x00000208889ad000 JavaThread "Build operations Thread 8" [_thread_blocked, id=7336, stack(0x0000000b22f00000,0x0000000b23000000)]
  0x00000208889aa800 JavaThread "jar transforms Thread 2" [_thread_blocked, id=7328, stack(0x0000000b23000000,0x0000000b23100000)]
  0x00000208889ab800 JavaThread "jar transforms Thread 3" [_thread_blocked, id=9052, stack(0x0000000b23100000,0x0000000b23200000)]
  0x00000208889af800 JavaThread "jar transforms Thread 4" [_thread_blocked, id=7376, stack(0x0000000b23200000,0x0000000b23300000)]
  0x00000208889aa000 JavaThread "jar transforms Thread 5" [_thread_blocked, id=7368, stack(0x0000000b23300000,0x0000000b23400000)]
  0x00000208889ac800 JavaThread "jar transforms Thread 6" [_thread_blocked, id=7372, stack(0x0000000b23400000,0x0000000b23500000)]
  0x00000208889b0800 JavaThread "jar transforms Thread 7" [_thread_blocked, id=11452, stack(0x0000000b23500000,0x0000000b23600000)]
  0x0000020884516000 JavaThread "jar transforms Thread 8" [_thread_blocked, id=7636, stack(0x0000000b23600000,0x0000000b23700000)]
  0x0000020884513800 JavaThread "jar transforms Thread 9" [_thread_blocked, id=7652, stack(0x0000000b23700000,0x0000000b23800000)]
  0x0000020884518800 JavaThread "jar transforms Thread 10" [_thread_blocked, id=8028, stack(0x0000000b23800000,0x0000000b23900000)]
  0x0000020884513000 JavaThread "jar transforms Thread 11" [_thread_blocked, id=8024, stack(0x0000000b23900000,0x0000000b23a00000)]
  0x0000020884519800 JavaThread "jar transforms Thread 12" [_thread_blocked, id=11688, stack(0x0000000b23a00000,0x0000000b23b00000)]
  0x0000020884517000 JavaThread "jar transforms Thread 13" [_thread_blocked, id=11672, stack(0x0000000b23b00000,0x0000000b23c00000)]
  0x0000020884515800 JavaThread "jar transforms Thread 14" [_thread_blocked, id=11684, stack(0x0000000b23c00000,0x0000000b23d00000)]
  0x0000020884517800 JavaThread "jar transforms Thread 15" [_thread_blocked, id=11668, stack(0x0000000b23d00000,0x0000000b23e00000)]
  0x000002088451a000 JavaThread "jar transforms Thread 16" [_thread_blocked, id=6936, stack(0x0000000b23e00000,0x0000000b23f00000)]
  0x0000020884514800 JavaThread "jar transforms Thread 17" [_thread_blocked, id=5480, stack(0x0000000b23f00000,0x0000000b24000000)]
  0x000002088451c800 JavaThread "jar transforms Thread 18" [_thread_blocked, id=5240, stack(0x0000000b24000000,0x0000000b24100000)]
  0x000002088451c000 JavaThread "jar transforms Thread 19" [_thread_blocked, id=6800, stack(0x0000000b24100000,0x0000000b24200000)]
  0x000002088451f000 JavaThread "jar transforms Thread 20" [_thread_blocked, id=7416, stack(0x0000000b24200000,0x0000000b24300000)]
  0x0000020884520000 JavaThread "jar transforms Thread 21" [_thread_blocked, id=3668, stack(0x0000000b24300000,0x0000000b24400000)]
  0x0000020884520800 JavaThread "jar transforms Thread 22" [_thread_blocked, id=8328, stack(0x0000000b24400000,0x0000000b24500000)]
  0x000002088451b000 JavaThread "jar transforms Thread 23" [_thread_blocked, id=8336, stack(0x0000000b24500000,0x0000000b24600000)]
  0x0000020884521800 JavaThread "jar transforms Thread 24" [_thread_blocked, id=10520, stack(0x0000000b24600000,0x0000000b24700000)]
  0x000002088451d800 JavaThread "jar transforms Thread 25" [_thread_blocked, id=8448, stack(0x0000000b24700000,0x0000000b24800000)]
  0x000002088451e800 JavaThread "jar transforms Thread 26" [_thread_blocked, id=8464, stack(0x0000000b24800000,0x0000000b24900000)]
  0x0000020889282000 JavaThread "jar transforms Thread 27" [_thread_blocked, id=8708, stack(0x0000000b24900000,0x0000000b24a00000)]
  0x0000020889283000 JavaThread "jar transforms Thread 28" [_thread_blocked, id=8728, stack(0x0000000b24a00000,0x0000000b24b00000)]
  0x0000020889287000 JavaThread "jar transforms Thread 29" [_thread_blocked, id=8836, stack(0x0000000b24b00000,0x0000000b24c00000)]
  0x0000020889289800 JavaThread "jar transforms Thread 30" [_thread_blocked, id=8772, stack(0x0000000b24c00000,0x0000000b24d00000)]
  0x0000020889288000 JavaThread "jar transforms Thread 31" [_thread_blocked, id=8776, stack(0x0000000b24d00000,0x0000000b24e00000)]
  0x0000020889283800 JavaThread "jar transforms Thread 32" [_thread_blocked, id=8880, stack(0x0000000b24e00000,0x0000000b24f00000)]
  0x0000020889288800 JavaThread "jar transforms Thread 33" [_thread_blocked, id=9484, stack(0x0000000b24f00000,0x0000000b25000000)]
  0x0000020889284800 JavaThread "jar transforms Thread 34" [_thread_blocked, id=8948, stack(0x0000000b25000000,0x0000000b25100000)]
  0x000002088928a000 JavaThread "jar transforms Thread 35" [_thread_blocked, id=8952, stack(0x0000000b25100000,0x0000000b25200000)]
  0x000002088928b000 JavaThread "jar transforms Thread 36" [_thread_blocked, id=9104, stack(0x0000000b25200000,0x0000000b25300000)]
  0x0000020889285800 JavaThread "jar transforms Thread 37" [_thread_blocked, id=9096, stack(0x0000000b25300000,0x0000000b25400000)]
  0x0000020889286000 JavaThread "jar transforms Thread 38" [_thread_blocked, id=9168, stack(0x0000000b25400000,0x0000000b25500000)]
  0x0000020889290000 JavaThread "jar transforms Thread 39" [_thread_blocked, id=9164, stack(0x0000000b25500000,0x0000000b25600000)]
  0x000002088928c000 JavaThread "jar transforms Thread 40" [_thread_blocked, id=9544, stack(0x0000000b25600000,0x0000000b25700000)]
  0x000002088928d800 JavaThread "jar transforms Thread 41" [_thread_blocked, id=9836, stack(0x0000000b25700000,0x0000000b25800000)]
  0x000002088928e800 JavaThread "jar transforms Thread 42" [_thread_blocked, id=9828, stack(0x0000000b25800000,0x0000000b25900000)]
  0x000002088928f000 JavaThread "jar transforms Thread 43" [_thread_blocked, id=9832, stack(0x0000000b25900000,0x0000000b25a00000)]
  0x0000020889291000 JavaThread "jar transforms Thread 44" [_thread_blocked, id=10740, stack(0x0000000b25a00000,0x0000000b25b00000)]
  0x000002088928c800 JavaThread "jar transforms Thread 45" [_thread_blocked, id=11280, stack(0x0000000b25b00000,0x0000000b25c00000)]
  0x000002088724c000 JavaThread "jar transforms Thread 46" [_thread_blocked, id=12088, stack(0x0000000b25c00000,0x0000000b25d00000)]
  0x000002088724b000 JavaThread "jar transforms Thread 47" [_thread_blocked, id=12100, stack(0x0000000b25d00000,0x0000000b25e00000)]
  0x0000020887251800 JavaThread "jar transforms Thread 48" [_thread_blocked, id=9872, stack(0x0000000b25e00000,0x0000000b25f00000)]
  0x000002088724d000 JavaThread "jar transforms Thread 49" [_thread_blocked, id=11624, stack(0x0000000b25f00000,0x0000000b26000000)]
  0x0000020887252800 JavaThread "jar transforms Thread 50" [_thread_blocked, id=12064, stack(0x0000000b26000000,0x0000000b26100000)]
  0x0000020887251000 JavaThread "jar transforms Thread 51" [_thread_blocked, id=12048, stack(0x0000000b26100000,0x0000000b26200000)]
  0x000002088724d800 JavaThread "jar transforms Thread 52" [_thread_blocked, id=12052, stack(0x0000000b26200000,0x0000000b26300000)]
  0x0000020887250000 JavaThread "jar transforms Thread 53" [_thread_blocked, id=11112, stack(0x0000000b26300000,0x0000000b26400000)]
  0x0000020887253800 JavaThread "jar transforms Thread 54" [_thread_blocked, id=12060, stack(0x0000000b26400000,0x0000000b26500000)]
  0x0000020887254000 JavaThread "jar transforms Thread 55" [_thread_blocked, id=7200, stack(0x0000000b26500000,0x0000000b26600000)]
  0x000002088724e800 JavaThread "jar transforms Thread 56" [_thread_blocked, id=6892, stack(0x0000000b26600000,0x0000000b26700000)]
  0x0000020887255000 JavaThread "jar transforms Thread 57" [_thread_blocked, id=12056, stack(0x0000000b26700000,0x0000000b26800000)]
  0x000002088724f000 JavaThread "jar transforms Thread 58" [_thread_blocked, id=12072, stack(0x0000000b26800000,0x0000000b26900000)]
  0x0000020887259000 JavaThread "jar transforms Thread 59" [_thread_blocked, id=10864, stack(0x0000000b26900000,0x0000000b26a00000)]
  0x0000020887257800 JavaThread "jar transforms Thread 60" [_thread_blocked, id=10884, stack(0x0000000b26a00000,0x0000000b26b00000)]
  0x0000020887258000 JavaThread "jar transforms Thread 61" [_thread_blocked, id=10872, stack(0x0000000b26b00000,0x0000000b26c00000)]
  0x0000020887256800 JavaThread "jar transforms Thread 62" [_thread_blocked, id=10888, stack(0x0000000b26c00000,0x0000000b26d00000)]
  0x0000020887255800 JavaThread "jar transforms Thread 63" [_thread_blocked, id=2436, stack(0x0000000b26d00000,0x0000000b26e00000)]
  0x000002088725a000 JavaThread "jar transforms Thread 64" [_thread_blocked, id=2292, stack(0x0000000b26e00000,0x0000000b26f00000)]
  0x0000020887ce4800 JavaThread "jar transforms Thread 65" [_thread_blocked, id=7812, stack(0x0000000b26f00000,0x0000000b27000000)]
  0x0000020887cdf800 JavaThread "jar transforms Thread 66" [_thread_blocked, id=11912, stack(0x0000000b27000000,0x0000000b27100000)]
  0x0000020887ce2000 JavaThread "jar transforms Thread 67" [_thread_blocked, id=10844, stack(0x0000000b27100000,0x0000000b27200000)]
  0x0000020887ce5000 JavaThread "jar transforms Thread 68" [_thread_blocked, id=11876, stack(0x0000000b27200000,0x0000000b27300000)]
  0x0000020887ce1000 JavaThread "jar transforms Thread 69" [_thread_blocked, id=11868, stack(0x0000000b27300000,0x0000000b27400000)]
  0x0000020887ce6000 JavaThread "jar transforms Thread 70" [_thread_blocked, id=11880, stack(0x0000000b27400000,0x0000000b27500000)]
  0x0000020887ce0800 JavaThread "jar transforms Thread 71" [_thread_blocked, id=11864, stack(0x0000000b27500000,0x0000000b27600000)]
  0x0000020887ce3800 JavaThread "jar transforms Thread 72" [_thread_blocked, id=11844, stack(0x0000000b27600000,0x0000000b27700000)]
  0x0000020887ce7000 JavaThread "jar transforms Thread 73" [_thread_blocked, id=11848, stack(0x0000000b27700000,0x0000000b27800000)]
  0x0000020887ce2800 JavaThread "jar transforms Thread 74" [_thread_blocked, id=11892, stack(0x0000000b27800000,0x0000000b27900000)]
  0x0000020887ce8800 JavaThread "jar transforms Thread 75" [_thread_blocked, id=11888, stack(0x0000000b27900000,0x0000000b27a00000)]
  0x0000020887ce9800 JavaThread "jar transforms Thread 76" [_thread_blocked, id=11900, stack(0x0000000b27a00000,0x0000000b27b00000)]
  0x0000020887ceb000 JavaThread "jar transforms Thread 77" [_thread_blocked, id=11908, stack(0x0000000b27b00000,0x0000000b27c00000)]
  0x0000020887cec800 JavaThread "jar transforms Thread 78" [_thread_blocked, id=11852, stack(0x0000000b27c00000,0x0000000b27d00000)]
  0x0000020887cea000 JavaThread "jar transforms Thread 79" [_thread_blocked, id=6664, stack(0x0000000b27d00000,0x0000000b27e00000)]
  0x0000020887ceb800 JavaThread "jar transforms Thread 80" [_thread_blocked, id=11924, stack(0x0000000b27e00000,0x0000000b27f00000)]
  0x0000020887ced800 JavaThread "jar transforms Thread 81" [_thread_blocked, id=10116, stack(0x0000000b27f00000,0x0000000b28000000)]
  0x0000020887ce7800 JavaThread "jar transforms Thread 82" [_thread_blocked, id=10104, stack(0x0000000b28000000,0x0000000b28100000)]
  0x0000020887cee000 JavaThread "jar transforms Thread 83" [_thread_blocked, id=10096, stack(0x0000000b28100000,0x0000000b28200000)]
  0x0000020888acb800 JavaThread "jar transforms Thread 84" [_thread_blocked, id=8984, stack(0x0000000b28200000,0x0000000b28300000)]
  0x0000020888ac9800 JavaThread "jar transforms Thread 85" [_thread_blocked, id=6924, stack(0x0000000b28300000,0x0000000b28400000)]
  0x0000020888ac7800 JavaThread "jar transforms Thread 86" [_thread_blocked, id=5596, stack(0x0000000b28400000,0x0000000b28500000)]
  0x0000020888aca000 JavaThread "jar transforms Thread 87" [_thread_blocked, id=6740, stack(0x0000000b28500000,0x0000000b28600000)]
  0x0000020888ac8800 JavaThread "jar transforms Thread 88" [_thread_blocked, id=5560, stack(0x0000000b28600000,0x0000000b28700000)]
  0x0000020888acc800 JavaThread "jar transforms Thread 89" [_thread_blocked, id=10312, stack(0x0000000b28700000,0x0000000b28800000)]
  0x0000020888acd800 JavaThread "jar transforms Thread 90" [_thread_blocked, id=6052, stack(0x0000000b28800000,0x0000000b28900000)]
  0x0000020888acf000 JavaThread "jar transforms Thread 91" [_thread_blocked, id=1540, stack(0x0000000b28900000,0x0000000b28a00000)]
  0x0000020888ad0800 JavaThread "jar transforms Thread 92" [_thread_blocked, id=5504, stack(0x0000000b28a00000,0x0000000b28b00000)]
  0x0000020888acb000 JavaThread "jar transforms Thread 93" [_thread_blocked, id=6064, stack(0x0000000b28b00000,0x0000000b28c00000)]
  0x0000020888ad1800 JavaThread "jar transforms Thread 94" [_thread_blocked, id=5232, stack(0x0000000b28c00000,0x0000000b28d00000)]
  0x0000020888ad4000 JavaThread "jar transforms Thread 95" [_thread_blocked, id=6208, stack(0x0000000b28d00000,0x0000000b28e00000)]
  0x0000020888ace000 JavaThread "jar transforms Thread 96" [_thread_blocked, id=11240, stack(0x0000000b28e00000,0x0000000b28f00000)]
  0x0000020888ad4800 JavaThread "jar transforms Thread 97" [_thread_blocked, id=11232, stack(0x0000000b28f00000,0x0000000b29000000)]
  0x0000020888ad0000 JavaThread "jar transforms Thread 98" [_thread_blocked, id=11244, stack(0x0000000b29000000,0x0000000b29100000)]
  0x0000020888ad3000 JavaThread "jar transforms Thread 99" [_thread_blocked, id=11252, stack(0x0000000b29100000,0x0000000b29200000)]
  0x0000020888ad5800 JavaThread "jar transforms Thread 100" [_thread_blocked, id=11256, stack(0x0000000b29200000,0x0000000b29300000)]
  0x0000020888ad6800 JavaThread "jar transforms Thread 101" [_thread_blocked, id=8668, stack(0x0000000b29300000,0x0000000b29400000)]
  0x0000020888ad2800 JavaThread "jar transforms Thread 102" [_thread_blocked, id=10684, stack(0x0000000b29400000,0x0000000b29500000)]
  0x0000020887d39000 JavaThread "jar transforms Thread 103" [_thread_blocked, id=11228, stack(0x0000000b29500000,0x0000000b29600000)]
  0x0000020887d3a000 JavaThread "jar transforms Thread 104" [_thread_blocked, id=452, stack(0x0000000b29600000,0x0000000b29700000)]
  0x0000020887d37000 JavaThread "jar transforms Thread 105" [_thread_blocked, id=11260, stack(0x0000000b29700000,0x0000000b29800000)]
  0x0000020887d36000 JavaThread "jar transforms Thread 106" [_thread_blocked, id=11248, stack(0x0000000b29800000,0x0000000b29900000)]
  0x0000020887d37800 JavaThread "jar transforms Thread 107" [_thread_blocked, id=3916, stack(0x0000000b29900000,0x0000000b29a00000)]
  0x0000020887d38800 JavaThread "jar transforms Thread 108" [_thread_blocked, id=3920, stack(0x0000000b29a00000,0x0000000b29b00000)]
  0x0000020887d3b000 JavaThread "jar transforms Thread 109" [_thread_blocked, id=5104, stack(0x0000000b29b00000,0x0000000b29c00000)]
  0x0000020887d35000 JavaThread "jar transforms Thread 110" [_thread_blocked, id=5116, stack(0x0000000b29c00000,0x0000000b29d00000)]
  0x0000020887d3c800 JavaThread "jar transforms Thread 111" [_thread_blocked, id=1876, stack(0x0000000b29d00000,0x0000000b29e00000)]
  0x0000020887d3b800 JavaThread "jar transforms Thread 112" [_thread_blocked, id=1092, stack(0x0000000b29e00000,0x0000000b29f00000)]
  0x0000020887d42000 JavaThread "jar transforms Thread 113" [_thread_blocked, id=1924, stack(0x0000000b29f00000,0x0000000b2a000000)]
  0x0000020887d40800 JavaThread "jar transforms Thread 114" [_thread_blocked, id=10640, stack(0x0000000b2a000000,0x0000000b2a100000)]
  0x0000020887d3f800 JavaThread "jar transforms Thread 115" [_thread_blocked, id=1732, stack(0x0000000b2a100000,0x0000000b2a200000)]
  0x0000020887d3f000 JavaThread "jar transforms Thread 116" [_thread_blocked, id=10636, stack(0x0000000b2a200000,0x0000000b2a300000)]
  0x0000020887d3e000 JavaThread "jar transforms Thread 117" [_thread_blocked, id=12168, stack(0x0000000b2a300000,0x0000000b2a400000)]
  0x0000020887d43000 JavaThread "jar transforms Thread 118" [_thread_blocked, id=11824, stack(0x0000000b2a400000,0x0000000b2a500000)]
  0x0000020887d41800 JavaThread "jar transforms Thread 119" [_thread_blocked, id=11076, stack(0x0000000b2a500000,0x0000000b2a600000)]
  0x0000020887d3d800 JavaThread "jar transforms Thread 120" [_thread_blocked, id=1696, stack(0x0000000b2a600000,0x0000000b2a700000)]
  0x0000020887d44000 JavaThread "jar transforms Thread 121" [_thread_blocked, id=10868, stack(0x0000000b2a700000,0x0000000b2a800000)]
  0x0000020888b24000 JavaThread "jar transforms Thread 122" [_thread_blocked, id=12044, stack(0x0000000b2a800000,0x0000000b2a900000)]
  0x0000020888b23800 JavaThread "jar transforms Thread 123" [_thread_blocked, id=10904, stack(0x0000000b2a900000,0x0000000b2aa00000)]
  0x0000020888b26000 JavaThread "Memory manager" [_thread_blocked, id=10896, stack(0x0000000b2ac00000,0x0000000b2ad00000)]
  0x0000020888b27800 JavaThread "build event listener" [_thread_blocked, id=10580, stack(0x0000000b2ad00000,0x0000000b2ae00000)]
  0x0000020888b21800 JavaThread "pool-3-thread-1" [_thread_blocked, id=10584, stack(0x0000000b2ae00000,0x0000000b2af00000)]
  0x0000020888b2e000 JavaThread "build event listener" [_thread_blocked, id=7412, stack(0x0000000b2af00000,0x0000000b2b000000)]
  0x0000020888b2b800 JavaThread "Execution worker for ':'" [_thread_blocked, id=4492, stack(0x0000000b2b000000,0x0000000b2b100000)]
  0x0000020888b28000 JavaThread "Execution worker for ':' Thread 2" [_thread_blocked, id=6176, stack(0x0000000b2b100000,0x0000000b2b200000)]
  0x0000020888b2a000 JavaThread "Execution worker for ':' Thread 3" [_thread_blocked, id=9040, stack(0x0000000b2b200000,0x0000000b2b300000)]
  0x0000020888b2a800 JavaThread "Execution worker for ':' Thread 4" [_thread_blocked, id=7688, stack(0x0000000b2b300000,0x0000000b2b400000)]
  0x0000020888b2c800 JavaThread "Execution worker for ':' Thread 5" [_thread_blocked, id=4704, stack(0x0000000b2b400000,0x0000000b2b500000)]
  0x0000020888b2d000 JavaThread "Execution worker for ':' Thread 6" [_thread_blocked, id=10500, stack(0x0000000b2b500000,0x0000000b2b600000)]
  0x0000020888b2f000 JavaThread "Execution worker for ':' Thread 7" [_thread_blocked, id=11200, stack(0x0000000b2b600000,0x0000000b2b700000)]
  0x0000020888b29000 JavaThread "Cache worker for execution history cache (C:\Users\OMKUMAR\AndroidStudioProjects\DhitiFoundation\.gradle\6.7.1\executionHistory)" [_thread_blocked, id=920, stack(0x0000000b2b700000,0x0000000b2b800000)]
  0x0000020884f9a800 JavaThread "WorkerExecutor Queue Thread 3" [_thread_blocked, id=1300, stack(0x0000000b2b900000,0x0000000b2ba00000)]
  0x000002088c9c4000 JavaThread "Java2D Disposer" daemon [_thread_blocked, id=1504, stack(0x0000000b2c100000,0x0000000b2c200000)]
  0x000002088c9c9000 JavaThread "Cache worker for Java compile cache (C:\Users\OMKUMAR\.gradle\caches\6.7.1\javaCompile)" [_thread_blocked, id=4672, stack(0x0000000b2c000000,0x0000000b2c100000)]
  0x000002088c9ca000 JavaThread "Cache worker for Java compile cache (C:\Users\OMKUMAR\AndroidStudioProjects\DhitiFoundation\.gradle\6.7.1\javaCompile)" [_thread_blocked, id=7796, stack(0x0000000b2c200000,0x0000000b2c300000)]
  0x000002088c9c5000 JavaThread "C2 CompilerThread1" daemon [_thread_in_native, id=2536, stack(0x0000000b22300000,0x0000000b22400000)]
  0x000002088c9c2800 JavaThread "C2 CompilerThread2" daemon [_thread_blocked, id=12024, stack(0x0000000b2ab00000,0x0000000b2ac00000)]

Other Threads:
  0x0000020883318800 VMThread "VM Thread" [stack: 0x0000000b1fd00000,0x0000000b1fe00000] [id=4572]
  0x00000208834f0800 WatcherThread [stack: 0x0000000b20700000,0x0000000b20800000] [id=4912]
  0x00000208e6841000 GCTaskThread "GC Thread#0" [stack: 0x0000000b1f800000,0x0000000b1f900000] [id=4616]
  0x0000020884259000 GCTaskThread "GC Thread#1" [stack: 0x0000000b20a00000,0x0000000b20b00000] [id=4712]
  0x0000020883fd5000 GCTaskThread "GC Thread#2" [stack: 0x0000000b20b00000,0x0000000b20c00000] [id=4896]
  0x0000020884093800 GCTaskThread "GC Thread#3" [stack: 0x0000000b20c00000,0x0000000b20d00000] [id=6212]
  0x00000208855ab800 GCTaskThread "GC Thread#4" [stack: 0x0000000b21900000,0x0000000b21a00000] [id=5568]
  0x0000020885838000 GCTaskThread "GC Thread#5" [stack: 0x0000000b21a00000,0x0000000b21b00000] [id=5572]
  0x00000208855a0000 GCTaskThread "GC Thread#6" [stack: 0x0000000b21b00000,0x0000000b21c00000] [id=5648]
  0x000002088533d000 GCTaskThread "GC Thread#7" [stack: 0x0000000b21c00000,0x0000000b21d00000] [id=5620]
  0x00000208e6874000 ConcurrentGCThread "G1 Main Marker" [stack: 0x0000000b1f900000,0x0000000b1fa00000] [id=4532]
=>0x00000208e6877800 ConcurrentGCThread "G1 Conc#0" [stack: 0x0000000b1fa00000,0x0000000b1fb00000] [id=4604]
  0x00000208854e6800 ConcurrentGCThread "G1 Conc#1" [stack: 0x0000000b21d00000,0x0000000b21e00000] [id=5764]
  0x000002088294c800 ConcurrentGCThread "G1 Refine#0" [stack: 0x0000000b1fb00000,0x0000000b1fc00000] [id=4536]
  0x00000208888c6800 ConcurrentGCThread "G1 Refine#1" [stack: 0x0000000b2aa00000,0x0000000b2ab00000] [id=10900]
  0x000002088294d000 ConcurrentGCThread "G1 Young RemSet Sampling" [stack: 0x0000000b1fc00000,0x0000000b1fd00000] [id=4576]

Threads with active compile tasks:
C2 CompilerThread0  33334 16868       4       java.io.ObjectOutputStream::writeClassDesc (60 bytes)
C2 CompilerThread1  33334 16904       4       org.gradle.internal.operations.DefaultBuildOperationRunner::execute (140 bytes)
C2 CompilerThread2  33334 16960       4       org.gradle.internal.file.DefaultFileHierarchySet$Node::plus (337 bytes)

VM state:not at safepoint (normal execution)

VM Mutex/Monitor currently owned by a thread:  ([mutex/lock_event])
[0x00000208e67aad20] Compile_lock - owner thread: 0x0000020888b2a800
[0x00000208e67ab1a0] MethodCompileQueue_lock - owner thread: 0x000002088c9c2800

Heap address: 0x0000000080000000, size: 2048 MB, Compressed Oops mode: 32-bit
Narrow klass base: 0x0000000000000000, Narrow klass shift: 3
Compressed class space size: 1073741824 Address: 0x0000000100000000

Heap:
 garbage-first heap   total 194560K, used 126841K [0x0000000080000000, 0x0000000100000000)
  region size 1024K, 3 young (3072K), 2 survivors (2048K)
 Metaspace       used 139993K, capacity 143227K, committed 143360K, reserved 1173504K
  class space    used 17588K, capacity 18834K, committed 18944K, reserved 1048576K
Heap Regions: E=young(eden), S=young(survivor), O=old, HS=humongous(starts), HC=humongous(continues), CS=collection set, F=free, A=archive, TAMS=top-at-mark-start (previous, next)
|   0|0x0000000080000000, 0x0000000080100000, 0x0000000080100000|100%| O|  |TAMS 0x0000000080100000, 0x0000000080100000| Untracked 
|   1|0x0000000080100000, 0x0000000080200000, 0x0000000080200000|100%| O|  |TAMS 0x0000000080200000, 0x0000000080200000| Untracked 
|   2|0x0000000080200000, 0x0000000080300000, 0x0000000080300000|100%| O|  |TAMS 0x0000000080300000, 0x0000000080300000| Untracked 
|   3|0x0000000080300000, 0x0000000080400000, 0x0000000080400000|100%|HS|  |TAMS 0x0000000080400000, 0x0000000080400000| Complete 
|   4|0x0000000080400000, 0x0000000080500000, 0x0000000080500000|100%|HC|  |TAMS 0x0000000080500000, 0x0000000080500000| Complete 
|   5|0x0000000080500000, 0x0000000080600000, 0x0000000080600000|100%|HC|  |TAMS 0x0000000080600000, 0x0000000080600000| Complete 
|   6|0x0000000080600000, 0x0000000080700000, 0x0000000080700000|100%| O|  |TAMS 0x0000000080700000, 0x0000000080700000| Untracked 
|   7|0x0000000080700000, 0x0000000080800000, 0x0000000080800000|100%| O|  |TAMS 0x0000000080800000, 0x0000000080800000| Untracked 
|   8|0x0000000080800000, 0x0000000080900000, 0x0000000080900000|100%| O|  |TAMS 0x0000000080900000, 0x0000000080900000| Untracked 
|   9|0x0000000080900000, 0x0000000080a00000, 0x0000000080a00000|100%| O|  |TAMS 0x0000000080a00000, 0x0000000080a00000| Untracked 
|  10|0x0000000080a00000, 0x0000000080b00000, 0x0000000080b00000|100%| O|  |TAMS 0x0000000080b00000, 0x0000000080b00000| Untracked 
|  11|0x0000000080b00000, 0x0000000080c00000, 0x0000000080c00000|100%| O|  |TAMS 0x0000000080c00000, 0x0000000080c00000| Untracked 
|  12|0x0000000080c00000, 0x0000000080d00000, 0x0000000080d00000|100%| O|  |TAMS 0x0000000080d00000, 0x0000000080d00000| Untracked 
|  13|0x0000000080d00000, 0x0000000080e00000, 0x0000000080e00000|100%| O|  |TAMS 0x0000000080e00000, 0x0000000080e00000| Untracked 
|  14|0x0000000080e00000, 0x0000000080f00000, 0x0000000080f00000|100%| O|  |TAMS 0x0000000080f00000, 0x0000000080f00000| Untracked 
|  15|0x0000000080f00000, 0x0000000081000000, 0x0000000081000000|100%| O|  |TAMS 0x0000000081000000, 0x0000000081000000| Untracked 
|  16|0x0000000081000000, 0x0000000081100000, 0x0000000081100000|100%|HS|  |TAMS 0x0000000081100000, 0x0000000081100000| Complete 
|  17|0x0000000081100000, 0x0000000081200000, 0x0000000081200000|100%|HS|  |TAMS 0x0000000081200000, 0x0000000081200000| Complete 
|  18|0x0000000081200000, 0x0000000081300000, 0x0000000081300000|100%|HC|  |TAMS 0x0000000081300000, 0x0000000081300000| Complete 
|  19|0x0000000081300000, 0x0000000081400000, 0x0000000081400000|100%|HC|  |TAMS 0x0000000081400000, 0x0000000081400000| Complete 
|  20|0x0000000081400000, 0x0000000081500000, 0x0000000081500000|100%|HS|  |TAMS 0x0000000081500000, 0x0000000081500000| Complete 
|  21|0x0000000081500000, 0x0000000081600000, 0x0000000081600000|100%|HC|  |TAMS 0x0000000081600000, 0x0000000081600000| Complete 
|  22|0x0000000081600000, 0x0000000081700000, 0x0000000081700000|100%| O|  |TAMS 0x0000000081700000, 0x0000000081700000| Untracked 
|  23|0x0000000081700000, 0x0000000081800000, 0x0000000081800000|100%| O|  |TAMS 0x0000000081800000, 0x0000000081800000| Untracked 
|  24|0x0000000081800000, 0x0000000081900000, 0x0000000081900000|100%| O|  |TAMS 0x0000000081900000, 0x0000000081900000| Untracked 
|  25|0x0000000081900000, 0x0000000081a00000, 0x0000000081a00000|100%| O|  |TAMS 0x0000000081a00000, 0x0000000081a00000| Untracked 
|  26|0x0000000081a00000, 0x0000000081b00000, 0x0000000081b00000|100%| O|  |TAMS 0x0000000081b00000, 0x0000000081b00000| Untracked 
|  27|0x0000000081b00000, 0x0000000081c00000, 0x0000000081c00000|100%| O|  |TAMS 0x0000000081c00000, 0x0000000081c00000| Untracked 
|  28|0x0000000081c00000, 0x0000000081c00000, 0x0000000081d00000|  0%| F|  |TAMS 0x0000000081c00000, 0x0000000081c00000| Untracked 
|  29|0x0000000081d00000, 0x0000000081e00000, 0x0000000081e00000|100%| O|  |TAMS 0x0000000081e00000, 0x0000000081e00000| Untracked 
|  30|0x0000000081e00000, 0x0000000081f00000, 0x0000000081f00000|100%| O|  |TAMS 0x0000000081f00000, 0x0000000081f00000| Untracked 
|  31|0x0000000081f00000, 0x0000000082000000, 0x0000000082000000|100%| O|  |TAMS 0x0000000082000000, 0x0000000082000000| Untracked 
|  32|0x0000000082000000, 0x0000000082100000, 0x0000000082100000|100%| O|  |TAMS 0x0000000082100000, 0x0000000082100000| Untracked 
|  33|0x0000000082100000, 0x0000000082200000, 0x0000000082200000|100%| O|  |TAMS 0x0000000082200000, 0x0000000082200000| Untracked 
|  34|0x0000000082200000, 0x0000000082300000, 0x0000000082300000|100%| O|  |TAMS 0x0000000082300000, 0x0000000082300000| Untracked 
|  35|0x0000000082300000, 0x0000000082400000, 0x0000000082400000|100%| O|  |TAMS 0x0000000082400000, 0x0000000082400000| Untracked 
|  36|0x0000000082400000, 0x0000000082500000, 0x0000000082500000|100%| O|  |TAMS 0x0000000082500000, 0x0000000082500000| Untracked 
|  37|0x0000000082500000, 0x0000000082600000, 0x0000000082600000|100%| O|  |TAMS 0x0000000082600000, 0x0000000082600000| Untracked 
|  38|0x0000000082600000, 0x0000000082700000, 0x0000000082700000|100%| O|  |TAMS 0x0000000082700000, 0x0000000082700000| Untracked 
|  39|0x0000000082700000, 0x0000000082800000, 0x0000000082800000|100%| O|  |TAMS 0x0000000082800000, 0x0000000082800000| Untracked 
|  40|0x0000000082800000, 0x0000000082900000, 0x0000000082900000|100%| O|  |TAMS 0x0000000082900000, 0x0000000082900000| Untracked 
|  41|0x0000000082900000, 0x0000000082a00000, 0x0000000082a00000|100%| O|  |TAMS 0x0000000082a00000, 0x0000000082a00000| Untracked 
|  42|0x0000000082a00000, 0x0000000082b00000, 0x0000000082b00000|100%| O|  |TAMS 0x0000000082b00000, 0x0000000082b00000| Untracked 
|  43|0x0000000082b00000, 0x0000000082c00000, 0x0000000082c00000|100%| O|  |TAMS 0x0000000082c00000, 0x0000000082c00000| Untracked 
|  44|0x0000000082c00000, 0x0000000082d00000, 0x0000000082d00000|100%| O|  |TAMS 0x0000000082d00000, 0x0000000082d00000| Untracked 
|  45|0x0000000082d00000, 0x0000000082e00000, 0x0000000082e00000|100%| O|  |TAMS 0x0000000082e00000, 0x0000000082e00000| Untracked 
|  46|0x0000000082e00000, 0x0000000082f00000, 0x0000000082f00000|100%|HS|  |TAMS 0x0000000082f00000, 0x0000000082f00000| Complete 
|  47|0x0000000082f00000, 0x0000000083000000, 0x0000000083000000|100%| O|  |TAMS 0x0000000083000000, 0x0000000083000000| Untracked 
|  48|0x0000000083000000, 0x0000000083100000, 0x0000000083100000|100%| O|  |TAMS 0x0000000083100000, 0x0000000083100000| Untracked 
|  49|0x0000000083100000, 0x0000000083200000, 0x0000000083200000|100%| O|  |TAMS 0x0000000083200000, 0x0000000083200000| Untracked 
|  50|0x0000000083200000, 0x0000000083300000, 0x0000000083300000|100%| O|  |TAMS 0x0000000083300000, 0x0000000083300000| Untracked 
|  51|0x0000000083300000, 0x0000000083400000, 0x0000000083400000|100%| O|  |TAMS 0x0000000083400000, 0x0000000083400000| Untracked 
|  52|0x0000000083400000, 0x0000000083500000, 0x0000000083500000|100%| O|  |TAMS 0x0000000083500000, 0x0000000083500000| Untracked 
|  53|0x0000000083500000, 0x0000000083600000, 0x0000000083600000|100%| O|  |TAMS 0x0000000083600000, 0x0000000083600000| Untracked 
|  54|0x0000000083600000, 0x0000000083700000, 0x0000000083700000|100%| O|  |TAMS 0x0000000083700000, 0x0000000083700000| Untracked 
|  55|0x0000000083700000, 0x0000000083800000, 0x0000000083800000|100%| O|  |TAMS 0x0000000083800000, 0x0000000083800000| Untracked 
|  56|0x0000000083800000, 0x0000000083900000, 0x0000000083900000|100%| O|  |TAMS 0x0000000083900000, 0x0000000083900000| Untracked 
|  57|0x0000000083900000, 0x0000000083a00000, 0x0000000083a00000|100%| O|  |TAMS 0x0000000083a00000, 0x0000000083a00000| Untracked 
|  58|0x0000000083a00000, 0x0000000083b00000, 0x0000000083b00000|100%| O|  |TAMS 0x0000000083b00000, 0x0000000083b00000| Untracked 
|  59|0x0000000083b00000, 0x0000000083c00000, 0x0000000083c00000|100%| O|  |TAMS 0x0000000083c00000, 0x0000000083c00000| Untracked 
|  60|0x0000000083c00000, 0x0000000083d00000, 0x0000000083d00000|100%| O|  |TAMS 0x0000000083d00000, 0x0000000083d00000| Untracked 
|  61|0x0000000083d00000, 0x0000000083e00000, 0x0000000083e00000|100%| O|  |TAMS 0x0000000083e00000, 0x0000000083e00000| Untracked 
|  62|0x0000000083e00000, 0x0000000083f00000, 0x0000000083f00000|100%| O|  |TAMS 0x0000000083f00000, 0x0000000083f00000| Untracked 
|  63|0x0000000083f00000, 0x0000000084000000, 0x0000000084000000|100%| O|  |TAMS 0x0000000084000000, 0x0000000084000000| Untracked 
|  64|0x0000000084000000, 0x0000000084100000, 0x0000000084100000|100%| O|  |TAMS 0x0000000084100000, 0x0000000084100000| Untracked 
|  65|0x0000000084100000, 0x0000000084200000, 0x0000000084200000|100%| O|  |TAMS 0x0000000084200000, 0x0000000084200000| Untracked 
|  66|0x0000000084200000, 0x0000000084300000, 0x0000000084300000|100%| O|  |TAMS 0x0000000084300000, 0x0000000084300000| Untracked 
|  67|0x0000000084300000, 0x0000000084400000, 0x0000000084400000|100%| O|  |TAMS 0x0000000084400000, 0x0000000084400000| Untracked 
|  68|0x0000000084400000, 0x0000000084500000, 0x0000000084500000|100%| O|  |TAMS 0x0000000084500000, 0x0000000084500000| Untracked 
|  69|0x0000000084500000, 0x0000000084600000, 0x0000000084600000|100%| O|  |TAMS 0x0000000084600000, 0x0000000084600000| Untracked 
|  70|0x0000000084600000, 0x0000000084700000, 0x0000000084700000|100%| O|  |TAMS 0x0000000084700000, 0x0000000084700000| Untracked 
|  71|0x0000000084700000, 0x0000000084800000, 0x0000000084800000|100%| O|  |TAMS 0x0000000084800000, 0x0000000084800000| Untracked 
|  72|0x0000000084800000, 0x0000000084900000, 0x0000000084900000|100%| O|  |TAMS 0x0000000084900000, 0x0000000084900000| Untracked 
|  73|0x0000000084900000, 0x0000000084a00000, 0x0000000084a00000|100%| O|  |TAMS 0x0000000084a00000, 0x0000000084a00000| Untracked 
|  74|0x0000000084a00000, 0x0000000084b00000, 0x0000000084b00000|100%| O|  |TAMS 0x0000000084b00000, 0x0000000084b00000| Untracked 
|  75|0x0000000084b00000, 0x0000000084c00000, 0x0000000084c00000|100%| O|  |TAMS 0x0000000084c00000, 0x0000000084c00000| Untracked 
|  76|0x0000000084c00000, 0x0000000084d00000, 0x0000000084d00000|100%| O|  |TAMS 0x0000000084d00000, 0x0000000084d00000| Untracked 
|  77|0x0000000084d00000, 0x0000000084e00000, 0x0000000084e00000|100%| O|  |TAMS 0x0000000084e00000, 0x0000000084e00000| Untracked 
|  78|0x0000000084e00000, 0x0000000084f00000, 0x0000000084f00000|100%| O|  |TAMS 0x0000000084f00000, 0x0000000084f00000| Untracked 
|  79|0x0000000084f00000, 0x0000000085000000, 0x0000000085000000|100%| O|  |TAMS 0x0000000085000000, 0x0000000085000000| Untracked 
|  80|0x0000000085000000, 0x0000000085100000, 0x0000000085100000|100%| O|  |TAMS 0x0000000085100000, 0x0000000085100000| Untracked 
|  81|0x0000000085100000, 0x0000000085200000, 0x0000000085200000|100%| O|  |TAMS 0x0000000085200000, 0x0000000085200000| Untracked 
|  82|0x0000000085200000, 0x0000000085300000, 0x0000000085300000|100%| O|  |TAMS 0x0000000085300000, 0x0000000085300000| Untracked 
|  83|0x0000000085300000, 0x0000000085400000, 0x0000000085400000|100%| O|  |TAMS 0x0000000085400000, 0x0000000085400000| Untracked 
|  84|0x0000000085400000, 0x0000000085500000, 0x0000000085500000|100%| O|  |TAMS 0x0000000085500000, 0x0000000085500000| Untracked 
|  85|0x0000000085500000, 0x0000000085600000, 0x0000000085600000|100%| O|  |TAMS 0x0000000085600000, 0x0000000085600000| Untracked 
|  86|0x0000000085600000, 0x0000000085700000, 0x0000000085700000|100%| O|  |TAMS 0x0000000085600000, 0x0000000085700000| Untracked 
|  87|0x0000000085700000, 0x0000000085800000, 0x0000000085800000|100%| O|  |TAMS 0x0000000085800000, 0x0000000085800000| Untracked 
|  88|0x0000000085800000, 0x0000000085900000, 0x0000000085900000|100%| O|  |TAMS 0x0000000085900000, 0x0000000085900000| Untracked 
|  89|0x0000000085900000, 0x0000000085a00000, 0x0000000085a00000|100%| O|  |TAMS 0x0000000085900000, 0x0000000085a00000| Untracked 
|  90|0x0000000085a00000, 0x0000000085b00000, 0x0000000085b00000|100%| O|  |TAMS 0x0000000085b00000, 0x0000000085b00000| Untracked 
|  91|0x0000000085b00000, 0x0000000085c00000, 0x0000000085c00000|100%| O|  |TAMS 0x0000000085b00000, 0x0000000085c00000| Untracked 
|  92|0x0000000085c00000, 0x0000000085d00000, 0x0000000085d00000|100%| O|  |TAMS 0x0000000085d00000, 0x0000000085d00000| Untracked 
|  93|0x0000000085d00000, 0x0000000085e00000, 0x0000000085e00000|100%| O|  |TAMS 0x0000000085e00000, 0x0000000085e00000| Untracked 
|  94|0x0000000085e00000, 0x0000000085f00000, 0x0000000085f00000|100%| O|  |TAMS 0x0000000085f00000, 0x0000000085f00000| Untracked 
|  95|0x0000000085f00000, 0x0000000086000000, 0x0000000086000000|100%| O|  |TAMS 0x0000000086000000, 0x0000000086000000| Untracked 
|  96|0x0000000086000000, 0x0000000086100000, 0x0000000086100000|100%| O|  |TAMS 0x0000000086100000, 0x0000000086100000| Untracked 
|  97|0x0000000086100000, 0x0000000086200000, 0x0000000086200000|100%| O|  |TAMS 0x0000000086200000, 0x0000000086200000| Untracked 
|  98|0x0000000086200000, 0x0000000086300000, 0x0000000086300000|100%| O|  |TAMS 0x0000000086300000, 0x0000000086300000| Untracked 
|  99|0x0000000086300000, 0x0000000086400000, 0x0000000086400000|100%| O|  |TAMS 0x0000000086400000, 0x0000000086400000| Untracked 
| 100|0x0000000086400000, 0x0000000086500000, 0x0000000086500000|100%| O|  |TAMS 0x0000000086500000, 0x0000000086500000| Untracked 
| 101|0x0000000086500000, 0x0000000086600000, 0x0000000086600000|100%|HS|  |TAMS 0x0000000086600000, 0x0000000086600000| Complete 
| 102|0x0000000086600000, 0x0000000086700000, 0x0000000086700000|100%|HC|  |TAMS 0x0000000086700000, 0x0000000086700000| Complete 
| 103|0x0000000086700000, 0x0000000086800000, 0x0000000086800000|100%|HC|  |TAMS 0x0000000086800000, 0x0000000086800000| Complete 
| 104|0x0000000086800000, 0x0000000086900000, 0x0000000086900000|100%|HS|  |TAMS 0x0000000086900000, 0x0000000086900000| Complete 
| 105|0x0000000086900000, 0x0000000086a00000, 0x0000000086a00000|100%|HC|  |TAMS 0x0000000086a00000, 0x0000000086a00000| Complete 
| 106|0x0000000086a00000, 0x0000000086b00000, 0x0000000086b00000|100%|HC|  |TAMS 0x0000000086b00000, 0x0000000086b00000| Complete 
| 107|0x0000000086b00000, 0x0000000086c00000, 0x0000000086c00000|100%| O|  |TAMS 0x0000000086c00000, 0x0000000086c00000| Untracked 
| 108|0x0000000086c00000, 0x0000000086d00000, 0x0000000086d00000|100%| O|  |TAMS 0x0000000086d00000, 0x0000000086d00000| Untracked 
| 109|0x0000000086d00000, 0x0000000086e00000, 0x0000000086e00000|100%| O|  |TAMS 0x0000000086e00000, 0x0000000086e00000| Untracked 
| 110|0x0000000086e00000, 0x0000000086f00000, 0x0000000086f00000|100%|HS|  |TAMS 0x0000000086f00000, 0x0000000086f00000| Complete 
| 111|0x0000000086f00000, 0x0000000087000000, 0x0000000087000000|100%|HC|  |TAMS 0x0000000087000000, 0x0000000087000000| Complete 
| 112|0x0000000087000000, 0x0000000087100000, 0x0000000087100000|100%| O|  |TAMS 0x0000000087100000, 0x0000000087100000| Untracked 
| 113|0x0000000087100000, 0x0000000087200000, 0x0000000087200000|100%| O|  |TAMS 0x0000000087200000, 0x0000000087200000| Untracked 
| 114|0x0000000087200000, 0x0000000087300000, 0x0000000087300000|100%| O|  |TAMS 0x0000000087300000, 0x0000000087300000| Untracked 
| 115|0x0000000087300000, 0x0000000087400000, 0x0000000087400000|100%| O|  |TAMS 0x0000000087400000, 0x0000000087400000| Untracked 
| 116|0x0000000087400000, 0x0000000087500000, 0x0000000087500000|100%| O|  |TAMS 0x0000000087500000, 0x0000000087500000| Untracked 
| 117|0x0000000087500000, 0x0000000087600000, 0x0000000087600000|100%| O|  |TAMS 0x0000000087600000, 0x0000000087600000| Untracked 
| 118|0x0000000087600000, 0x0000000087700000, 0x0000000087700000|100%| O|  |TAMS 0x0000000087700000, 0x0000000087700000| Untracked 
| 119|0x0000000087700000, 0x0000000087800000, 0x0000000087800000|100%| O|  |TAMS 0x0000000087793e00, 0x0000000087800000| Untracked 
| 120|0x0000000087800000, 0x0000000087900000, 0x0000000087900000|100%| O|  |TAMS 0x0000000087800000, 0x0000000087900000| Untracked 
| 121|0x0000000087900000, 0x0000000087a00000, 0x0000000087a00000|100%| O|  |TAMS 0x0000000087900000, 0x0000000087a00000| Untracked 
| 122|0x0000000087a00000, 0x0000000087b00000, 0x0000000087b00000|100%| O|  |TAMS 0x0000000087a00000, 0x0000000087b00000| Untracked 
| 123|0x0000000087b00000, 0x0000000087b53c00, 0x0000000087c00000| 32%| O|  |TAMS 0x0000000087b00000, 0x0000000087b53c00| Untracked 
| 124|0x0000000087c00000, 0x0000000087c00000, 0x0000000087d00000|  0%| F|  |TAMS 0x0000000087c00000, 0x0000000087c00000| Untracked 
| 125|0x0000000087d00000, 0x0000000087d00000, 0x0000000087e00000|  0%| F|  |TAMS 0x0000000087d00000, 0x0000000087d00000| Untracked 
| 126|0x0000000087e00000, 0x0000000087e00000, 0x0000000087f00000|  0%| F|  |TAMS 0x0000000087e00000, 0x0000000087e00000| Untracked 
| 127|0x0000000087f00000, 0x0000000087f00000, 0x0000000088000000|  0%| F|  |TAMS 0x0000000087f00000, 0x0000000087f00000| Untracked 
| 128|0x0000000088000000, 0x0000000088000000, 0x0000000088100000|  0%| F|  |TAMS 0x0000000088000000, 0x0000000088000000| Untracked 
| 129|0x0000000088100000, 0x0000000088100000, 0x0000000088200000|  0%| F|  |TAMS 0x0000000088100000, 0x0000000088100000| Untracked 
| 130|0x0000000088200000, 0x0000000088200000, 0x0000000088300000|  0%| F|  |TAMS 0x0000000088200000, 0x0000000088200000| Untracked 
| 131|0x0000000088300000, 0x0000000088300000, 0x0000000088400000|  0%| F|  |TAMS 0x0000000088300000, 0x0000000088300000| Untracked 
| 132|0x0000000088400000, 0x0000000088400000, 0x0000000088500000|  0%| F|  |TAMS 0x0000000088400000, 0x0000000088400000| Untracked 
| 133|0x0000000088500000, 0x0000000088500000, 0x0000000088600000|  0%| F|  |TAMS 0x0000000088500000, 0x0000000088500000| Untracked 
| 134|0x0000000088600000, 0x0000000088600000, 0x0000000088700000|  0%| F|  |TAMS 0x0000000088600000, 0x0000000088600000| Untracked 
| 135|0x0000000088700000, 0x0000000088700000, 0x0000000088800000|  0%| F|  |TAMS 0x0000000088700000, 0x0000000088700000| Untracked 
| 136|0x0000000088800000, 0x0000000088800000, 0x0000000088900000|  0%| F|  |TAMS 0x0000000088800000, 0x0000000088800000| Untracked 
| 137|0x0000000088900000, 0x0000000088900000, 0x0000000088a00000|  0%| F|  |TAMS 0x0000000088900000, 0x0000000088900000| Untracked 
| 138|0x0000000088a00000, 0x0000000088a00000, 0x0000000088b00000|  0%| F|  |TAMS 0x0000000088a00000, 0x0000000088a00000| Untracked 
| 139|0x0000000088b00000, 0x0000000088b00000, 0x0000000088c00000|  0%| F|  |TAMS 0x0000000088b00000, 0x0000000088b00000| Untracked 
| 140|0x0000000088c00000, 0x0000000088c00000, 0x0000000088d00000|  0%| F|  |TAMS 0x0000000088c00000, 0x0000000088c00000| Untracked 
| 141|0x0000000088d00000, 0x0000000088d00000, 0x0000000088e00000|  0%| F|  |TAMS 0x0000000088d00000, 0x0000000088d00000| Untracked 
| 142|0x0000000088e00000, 0x0000000088e00000, 0x0000000088f00000|  0%| F|  |TAMS 0x0000000088e00000, 0x0000000088e00000| Untracked 
| 143|0x0000000088f00000, 0x0000000088f00000, 0x0000000089000000|  0%| F|  |TAMS 0x0000000088f00000, 0x0000000088f00000| Untracked 
| 144|0x0000000089000000, 0x0000000089000000, 0x0000000089100000|  0%| F|  |TAMS 0x0000000089000000, 0x0000000089000000| Untracked 
| 145|0x0000000089100000, 0x0000000089100000, 0x0000000089200000|  0%| F|  |TAMS 0x0000000089100000, 0x0000000089100000| Untracked 
| 146|0x0000000089200000, 0x0000000089200000, 0x0000000089300000|  0%| F|  |TAMS 0x0000000089200000, 0x0000000089200000| Untracked 
| 147|0x0000000089300000, 0x0000000089300000, 0x0000000089400000|  0%| F|  |TAMS 0x0000000089300000, 0x0000000089300000| Untracked 
| 148|0x0000000089400000, 0x0000000089400000, 0x0000000089500000|  0%| F|  |TAMS 0x0000000089400000, 0x0000000089400000| Untracked 
| 149|0x0000000089500000, 0x0000000089500000, 0x0000000089600000|  0%| F|  |TAMS 0x0000000089500000, 0x0000000089500000| Untracked 
| 150|0x0000000089600000, 0x0000000089600000, 0x0000000089700000|  0%| F|  |TAMS 0x0000000089600000, 0x0000000089600000| Untracked 
| 151|0x0000000089700000, 0x0000000089700000, 0x0000000089800000|  0%| F|  |TAMS 0x0000000089700000, 0x0000000089700000| Untracked 
| 152|0x0000000089800000, 0x000000008988a840, 0x0000000089900000| 54%| S|CS|TAMS 0x0000000089800000, 0x0000000089800000| Complete 
| 153|0x0000000089900000, 0x0000000089a00000, 0x0000000089a00000|100%| S|CS|TAMS 0x0000000089900000, 0x0000000089900000| Complete 
| 154|0x0000000089a00000, 0x0000000089a00000, 0x0000000089b00000|  0%| F|  |TAMS 0x0000000089a00000, 0x0000000089a00000| Untracked 
| 155|0x0000000089b00000, 0x0000000089b00000, 0x0000000089c00000|  0%| F|  |TAMS 0x0000000089b00000, 0x0000000089b00000| Untracked 
| 156|0x0000000089c00000, 0x0000000089c00000, 0x0000000089d00000|  0%| F|  |TAMS 0x0000000089c00000, 0x0000000089c00000| Untracked 
| 157|0x0000000089d00000, 0x0000000089d00000, 0x0000000089e00000|  0%| F|  |TAMS 0x0000000089d00000, 0x0000000089d00000| Untracked 
| 158|0x0000000089e00000, 0x0000000089e00000, 0x0000000089f00000|  0%| F|  |TAMS 0x0000000089e00000, 0x0000000089e00000| Untracked 
| 159|0x0000000089f00000, 0x0000000089f00000, 0x000000008a000000|  0%| F|  |TAMS 0x0000000089f00000, 0x0000000089f00000| Untracked 
| 160|0x000000008a000000, 0x000000008a000000, 0x000000008a100000|  0%| F|  |TAMS 0x000000008a000000, 0x000000008a000000| Untracked 
| 161|0x000000008a100000, 0x000000008a100000, 0x000000008a200000|  0%| F|  |TAMS 0x000000008a100000, 0x000000008a100000| Untracked 
| 162|0x000000008a200000, 0x000000008a200000, 0x000000008a300000|  0%| F|  |TAMS 0x000000008a200000, 0x000000008a200000| Untracked 
| 163|0x000000008a300000, 0x000000008a300000, 0x000000008a400000|  0%| F|  |TAMS 0x000000008a300000, 0x000000008a300000| Untracked 
| 164|0x000000008a400000, 0x000000008a400000, 0x000000008a500000|  0%| F|  |TAMS 0x000000008a400000, 0x000000008a400000| Untracked 
| 165|0x000000008a500000, 0x000000008a500000, 0x000000008a600000|  0%| F|  |TAMS 0x000000008a500000, 0x000000008a500000| Untracked 
| 166|0x000000008a600000, 0x000000008a600000, 0x000000008a700000|  0%| F|  |TAMS 0x000000008a600000, 0x000000008a600000| Untracked 
| 167|0x000000008a700000, 0x000000008a700000, 0x000000008a800000|  0%| F|  |TAMS 0x000000008a700000, 0x000000008a700000| Untracked 
| 168|0x000000008a800000, 0x000000008a800000, 0x000000008a900000|  0%| F|  |TAMS 0x000000008a800000, 0x000000008a800000| Untracked 
| 169|0x000000008a900000, 0x000000008a900000, 0x000000008aa00000|  0%| F|  |TAMS 0x000000008a900000, 0x000000008a900000| Untracked 
| 170|0x000000008aa00000, 0x000000008aa00000, 0x000000008ab00000|  0%| F|  |TAMS 0x000000008aa00000, 0x000000008aa00000| Untracked 
| 171|0x000000008ab00000, 0x000000008ab00000, 0x000000008ac00000|  0%| F|  |TAMS 0x000000008ab00000, 0x000000008ab00000| Untracked 
| 172|0x000000008ac00000, 0x000000008ac00000, 0x000000008ad00000|  0%| F|  |TAMS 0x000000008ac00000, 0x000000008ac00000| Untracked 
| 173|0x000000008ad00000, 0x000000008ad00000, 0x000000008ae00000|  0%| F|  |TAMS 0x000000008ad00000, 0x000000008ad00000| Untracked 
| 174|0x000000008ae00000, 0x000000008ae00000, 0x000000008af00000|  0%| F|  |TAMS 0x000000008ae00000, 0x000000008ae00000| Untracked 
| 175|0x000000008af00000, 0x000000008af00000, 0x000000008b000000|  0%| F|  |TAMS 0x000000008af00000, 0x000000008af00000| Untracked 
| 176|0x000000008b000000, 0x000000008b000000, 0x000000008b100000|  0%| F|  |TAMS 0x000000008b000000, 0x000000008b000000| Untracked 
| 177|0x000000008b100000, 0x000000008b100000, 0x000000008b200000|  0%| F|  |TAMS 0x000000008b100000, 0x000000008b100000| Untracked 
| 178|0x000000008b200000, 0x000000008b200000, 0x000000008b300000|  0%| F|  |TAMS 0x000000008b200000, 0x000000008b200000| Untracked 
| 179|0x000000008b300000, 0x000000008b300000, 0x000000008b400000|  0%| F|  |TAMS 0x000000008b300000, 0x000000008b300000| Untracked 
| 180|0x000000008b400000, 0x000000008b400000, 0x000000008b500000|  0%| F|  |TAMS 0x000000008b400000, 0x000000008b400000| Untracked 
| 181|0x000000008b500000, 0x000000008b500000, 0x000000008b600000|  0%| F|  |TAMS 0x000000008b500000, 0x000000008b500000| Untracked 
| 182|0x000000008b600000, 0x000000008b600000, 0x000000008b700000|  0%| F|  |TAMS 0x000000008b600000, 0x000000008b600000| Untracked 
| 183|0x000000008b700000, 0x000000008b700000, 0x000000008b800000|  0%| F|  |TAMS 0x000000008b700000, 0x000000008b700000| Untracked 
| 184|0x000000008b800000, 0x000000008b800000, 0x000000008b900000|  0%| F|  |TAMS 0x000000008b800000, 0x000000008b800000| Untracked 
| 185|0x000000008b900000, 0x000000008b900000, 0x000000008ba00000|  0%| F|  |TAMS 0x000000008b900000, 0x000000008b900000| Untracked 
| 186|0x000000008ba00000, 0x000000008ba00000, 0x000000008bb00000|  0%| F|  |TAMS 0x000000008ba00000, 0x000000008ba00000| Untracked 
| 187|0x000000008bb00000, 0x000000008bb00000, 0x000000008bc00000|  0%| F|  |TAMS 0x000000008bb00000, 0x000000008bb00000| Untracked 
| 188|0x000000008bc00000, 0x000000008bc00000, 0x000000008bd00000|  0%| F|  |TAMS 0x000000008bc00000, 0x000000008bc00000| Untracked 
| 189|0x000000008bd00000, 0x000000008bd9e688, 0x000000008be00000| 61%| E|  |TAMS 0x000000008bd00000, 0x000000008bd00000| Complete 

Card table byte_map: [0x00000208fb800000,0x00000208fbc00000] _byte_map_base: 0x00000208fb400000

Marking Bits (Prev, Next): (CMBitMap*) 0x00000208e686b2c8, (CMBitMap*) 0x00000208e686b300
 Prev Bits: [0x00000208fc000000, 0x00000208fe000000)
 Next Bits: [0x00000208fe000000, 0x0000020900000000)

Polling page: 0x00000208e6910000

Metaspace:

Usage:
  Non-class:    121.48 MB capacity,   119.54 MB ( 98%) used,     1.60 MB (  1%) free+waste,   346.56 KB ( <1%) overhead. 
      Class:     18.39 MB capacity,    17.18 MB ( 93%) used,     1.06 MB (  6%) free+waste,   154.50 KB ( <1%) overhead. 
       Both:    139.87 MB capacity,   136.71 MB ( 98%) used,     2.67 MB (  2%) free+waste,   501.06 KB ( <1%) overhead. 

Virtual space:
  Non-class space:      122.00 MB reserved,     121.50 MB (>99%) committed 
      Class space:        1.00 GB reserved,      18.50 MB (  2%) committed 
             Both:        1.12 GB reserved,     140.00 MB ( 12%) committed 

Chunk freelists:
   Non-Class:  23.00 KB
       Class:  14.00 KB
        Both:  37.00 KB

MaxMetaspaceSize: 17179869184.00 GB
CompressedClassSpaceSize: 1.00 GB

CodeHeap 'non-profiled nmethods': size=120000Kb used=9744Kb max_used=9744Kb free=110255Kb
 bounds [0x00000208f3470000, 0x00000208f3e00000, 0x00000208fa9a0000]
CodeHeap 'profiled nmethods': size=120000Kb used=33783Kb max_used=33783Kb free=86217Kb
 bounds [0x00000208ebf40000, 0x00000208ee060000, 0x00000208f3470000]
CodeHeap 'non-nmethods': size=5760Kb used=2434Kb max_used=2467Kb free=3326Kb
 bounds [0x00000208eb9a0000, 0x00000208ebc20000, 0x00000208ebf40000]
 total_blobs=16666 nmethods=15613 adapters=960
 compilation: enabled
              stopped_count=0, restarted_count=0
 full_count=0

Compilation events (20 events):
Event: 33.229 Thread 0x000002088336d800 16999       1       org.gradle.internal.logging.source.PrintStreamLoggingSystem$SnapshotImpl::access$200 (5 bytes)
Event: 33.229 Thread 0x000002088336d800 nmethod 16999 0x00000208f3df4e90 code [0x00000208f3df5040, 0x00000208f3df50d8]
Event: 33.230 Thread 0x000002088336d800 17000       3       org.gradle.internal.logging.sink.ProgressLogEventGenerator$Operation::completeHeader (154 bytes)
Event: 33.233 Thread 0x000002088336d800 nmethod 17000 0x00000208ee04c990 code [0x00000208ee04ce60, 0x00000208ee04f568]
Event: 33.233 Thread 0x000002088336d800 17001       3       org.gradle.api.internal.tasks.TaskStateInternal::getSkipped (23 bytes)
Event: 33.234 Thread 0x000002088336d800 nmethod 17001 0x00000208ee050310 code [0x00000208ee0504c0, 0x00000208ee050678]
Event: 33.234 Thread 0x000002088336d800 17002       3       org.gradle.api.internal.file.DefaultFilePropertyFactory$FixedFile::<init> (6 bytes)
Event: 33.234 Thread 0x000002088336d800 nmethod 17002 0x00000208ee050710 code [0x00000208ee0508c0, 0x00000208ee050ad8]
Event: 33.235 Thread 0x000002088336d800 17003       3       org.codehaus.groovy.runtime.typehandling.DefaultTypeTransformation::box (14 bytes)
Event: 33.236 Thread 0x000002088336d800 nmethod 17003 0x00000208ece08090 code [0x00000208ece08240, 0x00000208ece08398]
Event: 33.250 Thread 0x000002088336d800 17006       2       sun.reflect.generics.parser.SignatureParser::parseFieldTypeSignature (73 bytes)
Event: 33.251 Thread 0x000002088336d800 nmethod 17006 0x00000208ee050c10 code [0x00000208ee050e40, 0x00000208ee0511a8]
Event: 33.251 Thread 0x000002088336d800 17005       3       sun.reflect.generics.parser.SignatureParser::parseFormalTypeParameters (119 bytes)
Event: 33.255 Thread 0x000002088336d800 nmethod 17005 0x00000208ee051390 code [0x00000208ee051780, 0x00000208ee0532f8]
Event: 33.256 Thread 0x000002088336d800 17007       3       org.codehaus.groovy.reflection.ClassInfo::getVersion (8 bytes)
Event: 33.256 Thread 0x000002088336d800 nmethod 17007 0x00000208ece29010 code [0x00000208ece291c0, 0x00000208ece292d8]
Event: 33.261 Thread 0x000002088336d800 17008       3       java.util.ArrayList::indexOfRange (71 bytes)
Event: 33.270 Thread 0x000002088336d800 nmethod 17008 0x00000208ee053c90 code [0x00000208ee053e80, 0x00000208ee054308]
Event: 33.282 Thread 0x000002088336d800 17009       3       org.gradle.tooling.events.task.internal.DefaultTaskOperationDescriptor::unsupportedMethodExceptionThrowingSupplier (9 bytes)
Event: 33.282 Thread 0x000002088336d800 nmethod 17009 0x00000208ee054510 code [0x00000208ee0546e0, 0x00000208ee054938]

GC Heap History (20 events):
Event: 27.433 GC heap before
{Heap before GC invocations=25 (full 0):
 garbage-first heap   total 194560K, used 160850K [0x0000000080000000, 0x0000000100000000)
  region size 1024K, 59 young (60416K), 2 survivors (2048K)
 Metaspace       used 100257K, capacity 102946K, committed 103168K, reserved 1138688K
  class space    used 12760K, capacity 13792K, committed 13824K, reserved 1048576K
}
Event: 27.438 GC heap after
{Heap after GC invocations=26 (full 0):
 garbage-first heap   total 194560K, used 103576K [0x0000000080000000, 0x0000000100000000)
  region size 1024K, 2 young (2048K), 2 survivors (2048K)
 Metaspace       used 100257K, capacity 102946K, committed 103168K, reserved 1138688K
  class space    used 12760K, capacity 13792K, committed 13824K, reserved 1048576K
}
Event: 27.767 GC heap before
{Heap before GC invocations=27 (full 0):
 garbage-first heap   total 194560K, used 116888K [0x0000000080000000, 0x0000000100000000)
  region size 1024K, 17 young (17408K), 2 survivors (2048K)
 Metaspace       used 103841K, capacity 106655K, committed 107008K, reserved 1142784K
  class space    used 13170K, capacity 14222K, committed 14336K, reserved 1048576K
}
Event: 27.774 GC heap after
{Heap after GC invocations=28 (full 0):
 garbage-first heap   total 194560K, used 104703K [0x0000000080000000, 0x0000000100000000)
  region size 1024K, 3 young (3072K), 3 survivors (3072K)
 Metaspace       used 103841K, capacity 106655K, committed 107008K, reserved 1142784K
  class space    used 13170K, capacity 14222K, committed 14336K, reserved 1048576K
}
Event: 28.911 GC heap before
{Heap before GC invocations=29 (full 0):
 garbage-first heap   total 194560K, used 152831K [0x0000000080000000, 0x0000000100000000)
  region size 1024K, 49 young (50176K), 3 survivors (3072K)
 Metaspace       used 106890K, capacity 109875K, committed 110080K, reserved 1144832K
  class space    used 13460K, capacity 14562K, committed 14592K, reserved 1048576K
}
Event: 28.916 GC heap after
{Heap after GC invocations=30 (full 0):
 garbage-first heap   total 194560K, used 107306K [0x0000000080000000, 0x0000000100000000)
  region size 1024K, 4 young (4096K), 4 survivors (4096K)
 Metaspace       used 106890K, capacity 109875K, committed 110080K, reserved 1144832K
  class space    used 13460K, capacity 14562K, committed 14592K, reserved 1048576K
}
Event: 29.535 GC heap before
{Heap before GC invocations=30 (full 0):
 garbage-first heap   total 194560K, used 115498K [0x0000000080000000, 0x0000000100000000)
  region size 1024K, 14 young (14336K), 4 survivors (4096K)
 Metaspace       used 106976K, capacity 109887K, committed 110080K, reserved 1144832K
  class space    used 13469K, capacity 14565K, committed 14592K, reserved 1048576K
}
Event: 29.551 GC heap after
{Heap after GC invocations=31 (full 0):
 garbage-first heap   total 194560K, used 106487K [0x0000000080000000, 0x0000000100000000)
  region size 1024K, 5 young (5120K), 5 survivors (5120K)
 Metaspace       used 106976K, capacity 109887K, committed 110080K, reserved 1144832K
  class space    used 13469K, capacity 14565K, committed 14592K, reserved 1048576K
}
Event: 30.423 GC heap before
{Heap before GC invocations=32 (full 0):
 garbage-first heap   total 194560K, used 167927K [0x0000000080000000, 0x0000000100000000)
  region size 1024K, 54 young (55296K), 5 survivors (5120K)
 Metaspace       used 117590K, capacity 120654K, committed 120960K, reserved 1155072K
  class space    used 14508K, capacity 15651K, committed 15744K, reserved 1048576K
}
Event: 30.432 GC heap after
{Heap after GC invocations=33 (full 0):
 garbage-first heap   total 194560K, used 121224K [0x0000000080000000, 0x0000000100000000)
  region size 1024K, 7 young (7168K), 7 survivors (7168K)
 Metaspace       used 117590K, capacity 120654K, committed 120960K, reserved 1155072K
  class space    used 14508K, capacity 15651K, committed 15744K, reserved 1048576K
}
Event: 30.495 GC heap before
{Heap before GC invocations=33 (full 0):
 garbage-first heap   total 194560K, used 123272K [0x0000000080000000, 0x0000000100000000)
  region size 1024K, 9 young (9216K), 7 survivors (7168K)
 Metaspace       used 118260K, capacity 121337K, committed 121600K, reserved 1155072K
  class space    used 14610K, capacity 15751K, committed 15872K, reserved 1048576K
}
Event: 30.504 GC heap after
{Heap after GC invocations=34 (full 0):
 garbage-first heap   total 194560K, used 120239K [0x0000000080000000, 0x0000000100000000)
  region size 1024K, 1 young (1024K), 1 survivors (1024K)
 Metaspace       used 118260K, capacity 121337K, committed 121600K, reserved 1155072K
  class space    used 14610K, capacity 15751K, committed 15872K, reserved 1048576K
}
Event: 31.272 GC heap before
{Heap before GC invocations=34 (full 0):
 garbage-first heap   total 194560K, used 160175K [0x0000000080000000, 0x0000000100000000)
  region size 1024K, 40 young (40960K), 1 survivors (1024K)
 Metaspace       used 127574K, capacity 130649K, committed 130944K, reserved 1163264K
  class space    used 16001K, capacity 17167K, committed 17280K, reserved 1048576K
}
Event: 31.280 GC heap after
{Heap after GC invocations=35 (full 0):
 garbage-first heap   total 194560K, used 122785K [0x0000000080000000, 0x0000000100000000)
  region size 1024K, 4 young (4096K), 4 survivors (4096K)
 Metaspace       used 127574K, capacity 130649K, committed 130944K, reserved 1163264K
  class space    used 16001K, capacity 17167K, committed 17280K, reserved 1048576K
}
Event: 32.632 GC heap before
{Heap before GC invocations=36 (full 0):
 garbage-first heap   total 194560K, used 160673K [0x0000000080000000, 0x0000000100000000)
  region size 1024K, 41 young (41984K), 4 survivors (4096K)
 Metaspace       used 138941K, capacity 142117K, committed 142336K, reserved 1173504K
  class space    used 17469K, capacity 18684K, committed 18688K, reserved 1048576K
}
Event: 32.637 GC heap after
{Heap after GC invocations=37 (full 0):
 garbage-first heap   total 194560K, used 125852K [0x0000000080000000, 0x0000000100000000)
  region size 1024K, 3 young (3072K), 3 survivors (3072K)
 Metaspace       used 138941K, capacity 142117K, committed 142336K, reserved 1173504K
  class space    used 17469K, capacity 18684K, committed 18688K, reserved 1048576K
}
Event: 32.825 GC heap before
{Heap before GC invocations=37 (full 0):
 garbage-first heap   total 194560K, used 130972K [0x0000000080000000, 0x0000000100000000)
  region size 1024K, 9 young (9216K), 3 survivors (3072K)
 Metaspace       used 139512K, capacity 142699K, committed 142976K, reserved 1173504K
  class space    used 17535K, capacity 18791K, committed 18816K, reserved 1048576K
}
Event: 32.829 GC heap after
{Heap after GC invocations=38 (full 0):
 garbage-first heap   total 194560K, used 126287K [0x0000000080000000, 0x0000000100000000)
  region size 1024K, 1 young (1024K), 1 survivors (1024K)
 Metaspace       used 139512K, capacity 142699K, committed 142976K, reserved 1173504K
  class space    used 17535K, capacity 18791K, committed 18816K, reserved 1048576K
}
Event: 33.261 GC heap before
{Heap before GC invocations=38 (full 0):
 garbage-first heap   total 194560K, used 161103K [0x0000000080000000, 0x0000000100000000)
  region size 1024K, 36 young (36864K), 1 survivors (1024K)
 Metaspace       used 139969K, capacity 143224K, committed 143360K, reserved 1173504K
  class space    used 17584K, capacity 18833K, committed 18944K, reserved 1048576K
}
Event: 33.266 GC heap after
{Heap after GC invocations=39 (full 0):
 garbage-first heap   total 194560K, used 126841K [0x0000000080000000, 0x0000000100000000)
  region size 1024K, 2 young (2048K), 2 survivors (2048K)
 Metaspace       used 139969K, capacity 143224K, committed 143360K, reserved 1173504K
  class space    used 17584K, capacity 18833K, committed 18944K, reserved 1048576K
}

Deoptimization events (20 events):
Event: 32.946 Thread 0x00000208889ae000 DEOPT PACKING pc=0x00000208ed68d984 sp=0x0000000b22dfef80
Event: 32.946 Thread 0x00000208889ae000 DEOPT UNPACKING pc=0x00000208eb9c8ade sp=0x0000000b22dfe480 mode 0
Event: 33.063 Thread 0x0000020884f99000 Uncommon trap: trap_request=0xffffff4d fr.pc=0x00000208f3bb7be4 relative=0x0000000000002824
Event: 33.063 Thread 0x0000020884f99000 Uncommon trap: reason=unstable_if action=reinterpret pc=0x00000208f3bb7be4 method=java.util.concurrent.ConcurrentLinkedQueue.offer(Ljava/lang/Object;)Z @ 77 c2
Event: 33.063 Thread 0x0000020884f99000 DEOPT PACKING pc=0x00000208f3bb7be4 sp=0x0000000b22cfb440
Event: 33.063 Thread 0x0000020884f99000 DEOPT UNPACKING pc=0x00000208eb9a822f sp=0x0000000b22cfb2b8 mode 2
Event: 33.099 Thread 0x0000020884f99000 DEOPT PACKING pc=0x00000208ecda0611 sp=0x0000000b22cfb7c0
Event: 33.099 Thread 0x0000020884f99000 DEOPT UNPACKING pc=0x00000208eb9c8ade sp=0x0000000b22cfad90 mode 0
Event: 33.124 Thread 0x0000020884f97800 DEOPT PACKING pc=0x00000208ecda0611 sp=0x0000000b22bfb280
Event: 33.124 Thread 0x0000020884f97800 DEOPT UNPACKING pc=0x00000208eb9c8ade sp=0x0000000b22bfa850 mode 0
Event: 33.149 Thread 0x0000020884f97800 DEOPT PACKING pc=0x00000208ecda0611 sp=0x0000000b22bfb280
Event: 33.149 Thread 0x0000020884f97800 DEOPT UNPACKING pc=0x00000208eb9c8ade sp=0x0000000b22bfa850 mode 0
Event: 33.174 Thread 0x0000020884f96800 DEOPT PACKING pc=0x00000208ecda0611 sp=0x0000000b229fbb00
Event: 33.174 Thread 0x0000020884f96800 DEOPT UNPACKING pc=0x00000208eb9c8ade sp=0x0000000b229fb0d0 mode 0
Event: 33.199 Thread 0x0000020884f99000 DEOPT PACKING pc=0x00000208ecda0611 sp=0x0000000b22cfb7c0
Event: 33.199 Thread 0x0000020884f99000 DEOPT UNPACKING pc=0x00000208eb9c8ade sp=0x0000000b22cfad90 mode 0
Event: 33.246 Thread 0x0000020888b2a800 Uncommon trap: trap_request=0xffffff7e fr.pc=0x00000208f3c37d54 relative=0x0000000000000814
Event: 33.246 Thread 0x0000020888b2a800 Uncommon trap: reason=predicate action=maybe_recompile pc=0x00000208f3c37d54 method=java.util.ComparableTimSort.binarySort([Ljava/lang/Object;III)V @ 34 c2
Event: 33.246 Thread 0x0000020888b2a800 DEOPT PACKING pc=0x00000208f3c37d54 sp=0x0000000b2b3fa9f0
Event: 33.246 Thread 0x0000020888b2a800 DEOPT UNPACKING pc=0x00000208eb9a822f sp=0x0000000b2b3fa998 mode 2

Classes redefined (0 events):
No events

Internal exceptions (20 events):
Event: 29.778 Thread 0x0000020888b2a800 Exception <a 'java/lang/NoSuchMethodError'{0x000000008b412bd8}: 'long java.lang.invoke.DirectMethodHandle$Holder.invokeStatic(java.lang.Object)'> (0x000000008b412bd8) thrown at [./src/hotspot/share/interpreter/linkResolver.cpp, line 773]
Event: 29.779 Thread 0x0000020888b2a800 Exception <a 'java/lang/NoSuchMethodError'{0x000000008b416228}: 'long java.lang.invoke.DirectMethodHandle$Holder.invokeStaticInit(java.lang.Object)'> (0x000000008b416228) thrown at [./src/hotspot/share/interpreter/linkResolver.cpp, line 773]
Event: 29.933 Thread 0x0000020888b2a800 Exception <a 'sun/nio/fs/WindowsException'{0x000000008a89a0c8}> (0x000000008a89a0c8) thrown at [./src/hotspot/share/prims/jni.cpp, line 615]
Event: 29.934 Thread 0x0000020888b2a800 Exception <a 'sun/nio/fs/WindowsException'{0x000000008a89b130}> (0x000000008a89b130) thrown at [./src/hotspot/share/prims/jni.cpp, line 615]
Event: 29.934 Thread 0x0000020888b2a800 Exception <a 'sun/nio/fs/WindowsException'{0x000000008a89c1c0}> (0x000000008a89c1c0) thrown at [./src/hotspot/share/prims/jni.cpp, line 615]
Event: 30.230 Thread 0x0000020888b2a800 Implicit null exception at 0x00000208f3c2c633 to 0x00000208f3c2c73c
Event: 31.853 Thread 0x0000020888b2a800 Implicit null exception at 0x00000208f3587fac to 0x00000208f3587fd8
Event: 32.266 Thread 0x0000020888b2a800 Exception <a 'java/lang/NoSuchMethodError'{0x000000008a02e198}: 'void java.lang.invoke.DirectMethodHandle$Holder.invokeSpecial(java.lang.Object, java.lang.Object, int, java.lang.Object)'> (0x000000008a02e198) thrown at [./src/hotspot/share/interpreter/linkResolver.cpp, line 773]
Event: 32.588 Thread 0x0000020888b2a800 Implicit null exception at 0x00000208f34da5f0 to 0x00000208f34da6b0
Event: 32.738 Thread 0x0000020888b2a800 Exception <a 'sun/nio/fs/WindowsException'{0x000000008bbd6660}> (0x000000008bbd6660) thrown at [./src/hotspot/share/prims/jni.cpp, line 615]
Event: 32.766 Thread 0x0000020888b2a800 Exception <a 'sun/nio/fs/WindowsException'{0x000000008bab8948}> (0x000000008bab8948) thrown at [./src/hotspot/share/prims/jni.cpp, line 615]
Event: 32.766 Thread 0x0000020888b2a800 Exception <a 'sun/nio/fs/WindowsException'{0x000000008bab9568}> (0x000000008bab9568) thrown at [./src/hotspot/share/prims/jni.cpp, line 615]
Event: 32.767 Thread 0x0000020888b2a800 Exception <a 'sun/nio/fs/WindowsException'{0x000000008bacde70}> (0x000000008bacde70) thrown at [./src/hotspot/share/prims/jni.cpp, line 615]
Event: 32.782 Thread 0x0000020888b2a800 Exception <a 'sun/nio/fs/WindowsException'{0x000000008b90edc0}> (0x000000008b90edc0) thrown at [./src/hotspot/share/prims/jni.cpp, line 615]
Event: 32.782 Thread 0x0000020888b2a800 Exception <a 'sun/nio/fs/WindowsException'{0x000000008b90f9b8}> (0x000000008b90f9b8) thrown at [./src/hotspot/share/prims/jni.cpp, line 615]
Event: 32.789 Thread 0x0000020888b2a800 Exception <a 'sun/nio/fs/WindowsException'{0x000000008b93a5d8}> (0x000000008b93a5d8) thrown at [./src/hotspot/share/prims/jni.cpp, line 615]
Event: 32.789 Thread 0x0000020888b2a800 Exception <a 'sun/nio/fs/WindowsException'{0x000000008b93a950}> (0x000000008b93a950) thrown at [./src/hotspot/share/prims/jni.cpp, line 615]
Event: 32.789 Thread 0x0000020888b2a800 Exception <a 'sun/nio/fs/WindowsException'{0x000000008b93aac8}> (0x000000008b93aac8) thrown at [./src/hotspot/share/prims/jni.cpp, line 615]
Event: 33.248 Thread 0x0000020888b2a800 Exception <a 'java/lang/ClassNotFoundException'{0x0000000089a6f418}: org/gradle/api/internal/provider/MappingProviderBeanInfo> (0x0000000089a6f418) thrown at [./src/hotspot/share/classfile/systemDictionary.cpp, line 231]
Event: 33.249 Thread 0x0000020888b2a800 Exception <a 'java/lang/ClassNotFoundException'{0x0000000089abeca0}: org/gradle/api/internal/provider/MappingProviderCustomizer> (0x0000000089abeca0) thrown at [./src/hotspot/share/classfile/systemDictionary.cpp, line 231]

Events (20 events):
Event: 33.257 loading class com/google/firebase/crashlytics/buildtools/android/project/XmlBuildIdReader$FileXmlBuildIdReader
Event: 33.257 loading class com/google/firebase/crashlytics/buildtools/android/project/XmlBuildIdReader$FileXmlBuildIdReader done
Event: 33.257 loading class com/google/firebase/crashlytics/buildtools/android/project/XmlBuildIdReader$StringXmlBuildIdReader
Event: 33.257 loading class com/google/firebase/crashlytics/buildtools/android/project/XmlBuildIdReader$StringXmlBuildIdReader done
Event: 33.261 Executing VM operation: G1CollectForAllocation
Event: 33.266 Executing VM operation: G1CollectForAllocation done
Event: 33.266 Executing VM operation: RevokeBias
Event: 33.266 Executing VM operation: RevokeBias done
Event: 33.266 Executing VM operation: RevokeBias
Event: 33.267 Executing VM operation: RevokeBias done
Event: 33.267 Executing VM operation: RevokeBias
Event: 33.267 Executing VM operation: RevokeBias done
Event: 33.267 Executing VM operation: BulkRevokeBias
Event: 33.269 Executing VM operation: BulkRevokeBias done
Event: 33.270 loading class com/google/firebase/crashlytics/buildtools/android/project/XmlBuildIdWriter
Event: 33.270 loading class com/google/firebase/crashlytics/buildtools/android/project/XmlBuildIdWriter done
Event: 33.272 loading class com/google/firebase/crashlytics/buildtools/utils/FileUtils
Event: 33.272 loading class com/google/firebase/crashlytics/buildtools/utils/FileUtils done
Event: 33.273 loading class com/google/firebase/crashlytics/buildtools/android/project/ResourceXmlHelper
Event: 33.273 loading class com/google/firebase/crashlytics/buildtools/android/project/ResourceXmlHelper done


Dynamic libraries:
0x00007ff777920000 - 0x00007ff77792a000 	C:\Program Files\Android\Android Studio\jre\bin\java.exe
0x00007ffe09830000 - 0x00007ffe09a25000 	C:\Windows\SYSTEM32\ntdll.dll
0x00007ffe07be0000 - 0x00007ffe07c9d000 	C:\Windows\System32\KERNEL32.DLL
0x00007ffe073d0000 - 0x00007ffe07698000 	C:\Windows\System32\KERNELBASE.dll
0x00007ffe06fc0000 - 0x00007ffe070c0000 	C:\Windows\System32\ucrtbase.dll
0x00007ffdf2220000 - 0x00007ffdf2237000 	C:\Program Files\Android\Android Studio\jre\bin\VCRUNTIME140.dll
0x00007ffdefbb0000 - 0x00007ffdefbc9000 	C:\Program Files\Android\Android Studio\jre\bin\jli.dll
0x00007ffe09650000 - 0x00007ffe097f0000 	C:\Windows\System32\USER32.dll
0x00007ffe07250000 - 0x00007ffe07272000 	C:\Windows\System32\win32u.dll
0x00007ffe08e00000 - 0x00007ffe08e2a000 	C:\Windows\System32\GDI32.dll
0x00007ffe076a0000 - 0x00007ffe077ab000 	C:\Windows\System32\gdi32full.dll
0x00007ffe07330000 - 0x00007ffe073cd000 	C:\Windows\System32\msvcp_win.dll
0x00007ffe06470000 - 0x00007ffe0670a000 	C:\Windows\WinSxS\amd64_microsoft.windows.common-controls_6595b64144ccf1df_6.0.19041.844_none_ca00b6081b84eb1d\COMCTL32.dll
0x00007ffe095b0000 - 0x00007ffe0964e000 	C:\Windows\System32\msvcrt.dll
0x00007ffe07e30000 - 0x00007ffe07e60000 	C:\Windows\System32\IMM32.DLL
0x00007ffddc880000 - 0x00007ffddc91d000 	C:\Program Files\Android\Android Studio\jre\bin\msvcp140.dll
0x00007ffdcd4d0000 - 0x00007ffdcdf8c000 	C:\Program Files\Android\Android Studio\jre\bin\server\jvm.dll
0x00007ffe08d40000 - 0x00007ffe08dec000 	C:\Windows\System32\ADVAPI32.dll
0x00007ffe07e60000 - 0x00007ffe07efb000 	C:\Windows\System32\sechost.dll
0x00007ffe07980000 - 0x00007ffe07aab000 	C:\Windows\System32\RPCRT4.dll
0x00007ffe07890000 - 0x00007ffe07898000 	C:\Windows\System32\PSAPI.DLL
0x00007ffe04020000 - 0x00007ffe04029000 	C:\Windows\SYSTEM32\WSOCK32.dll
0x00007ffe08110000 - 0x00007ffe0817b000 	C:\Windows\System32\WS2_32.dll
0x00007ffdf21f0000 - 0x00007ffdf2217000 	C:\Windows\SYSTEM32\WINMM.dll
0x00007ffe01c70000 - 0x00007ffe01c7a000 	C:\Windows\SYSTEM32\VERSION.dll
0x00007ffe051b0000 - 0x00007ffe051c2000 	C:\Windows\SYSTEM32\kernel.appcore.dll
0x00007ffdfc780000 - 0x00007ffdfc791000 	C:\Program Files\Android\Android Studio\jre\bin\verify.dll
0x00007ffe06900000 - 0x00007ffe06ae4000 	C:\Windows\SYSTEM32\DBGHELP.DLL
0x00007ffe068d0000 - 0x00007ffe068fc000 	C:\Windows\SYSTEM32\dbgcore.DLL
0x00007ffe07810000 - 0x00007ffe07890000 	C:\Windows\System32\bcryptPrimitives.dll
0x00007ffdfc750000 - 0x00007ffdfc779000 	C:\Program Files\Android\Android Studio\jre\bin\java.dll
0x00007ffe038d0000 - 0x00007ffe038db000 	C:\Program Files\Android\Android Studio\jre\bin\jimage.dll
0x00007ffdfc730000 - 0x00007ffdfc748000 	C:\Program Files\Android\Android Studio\jre\bin\zip.dll
0x00007ffe085f0000 - 0x00007ffe08d32000 	C:\Windows\System32\SHELL32.dll
0x00007ffe04a10000 - 0x00007ffe051a0000 	C:\Windows\SYSTEM32\windows.storage.dll
0x00007ffe08eb0000 - 0x00007ffe09205000 	C:\Windows\System32\combase.dll
0x00007ffe061c0000 - 0x00007ffe061ec000 	C:\Windows\SYSTEM32\Wldp.dll
0x00007ffe09500000 - 0x00007ffe095ae000 	C:\Windows\System32\SHCORE.dll
0x00007ffe08e50000 - 0x00007ffe08ea5000 	C:\Windows\System32\shlwapi.dll
0x00007ffe06eb0000 - 0x00007ffe06ecf000 	C:\Windows\SYSTEM32\profapi.dll
0x00007ffdfc710000 - 0x00007ffdfc72a000 	C:\Program Files\Android\Android Studio\jre\bin\net.dll
0x00007ffdfda20000 - 0x00007ffdfdb2b000 	C:\Windows\SYSTEM32\WINHTTP.dll
0x00007ffe05fa0000 - 0x00007ffe0600a000 	C:\Windows\system32\mswsock.dll
0x00007ffdfc6f0000 - 0x00007ffdfc704000 	C:\Program Files\Android\Android Studio\jre\bin\nio.dll
0x00007ffdefbd0000 - 0x00007ffdefbf7000 	C:\Users\OMKUMAR\.gradle\native\fdc75f09e3144964f2cf3f50f0aa648679c211496f362492102eb8c894070792\windows-amd64\native-platform.dll
0x00007ffdd1860000 - 0x00007ffdd19f6000 	C:\Users\OMKUMAR\.gradle\native\12488b8bf47d2d4c9fbf2f6322a914ad602e24e48041cd04a747c6da556b65c4\windows-amd64\native-platform-file-events.dll
0x00007ffe007b0000 - 0x00007ffe007ba000 	C:\Program Files\Android\Android Studio\jre\bin\management.dll
0x00007ffe00000000 - 0x00007ffe0000c000 	C:\Program Files\Android\Android Studio\jre\bin\management_ext.dll
0x00007ffe06c90000 - 0x00007ffe06ca8000 	C:\Windows\SYSTEM32\CRYPTSP.dll
0x00007ffe05980000 - 0x00007ffe059b4000 	C:\Windows\system32\rsaenh.dll
0x00007ffe07220000 - 0x00007ffe07247000 	C:\Windows\System32\bcrypt.dll
0x00007ffe06e30000 - 0x00007ffe06e5e000 	C:\Windows\SYSTEM32\USERENV.dll
0x00007ffe06120000 - 0x00007ffe0612c000 	C:\Windows\SYSTEM32\CRYPTBASE.dll
0x00007ffe05cb0000 - 0x00007ffe05ceb000 	C:\Windows\SYSTEM32\IPHLPAPI.DLL
0x00007ffe093e0000 - 0x00007ffe093e8000 	C:\Windows\System32\NSI.dll
0x00007ffdff8a0000 - 0x00007ffdff8b7000 	C:\Windows\SYSTEM32\dhcpcsvc6.DLL
0x00007ffdff880000 - 0x00007ffdff89d000 	C:\Windows\SYSTEM32\dhcpcsvc.DLL
0x00007ffe05cf0000 - 0x00007ffe05dbc000 	C:\Windows\SYSTEM32\DNSAPI.dll
0x00007ffdfff90000 - 0x00007ffdfff9b000 	C:\Windows\SYSTEM32\WINNSI.DLL
0x00007ffe06c50000 - 0x00007ffe06c83000 	C:\Windows\SYSTEM32\ntmarta.dll
0x00007ffdd1be0000 - 0x00007ffdd1d82000 	C:\Program Files\Android\Android Studio\jre\bin\awt.dll
0x00007ffe07ca0000 - 0x00007ffe07d6d000 	C:\Windows\System32\OLEAUT32.dll
0x00007ffe04470000 - 0x00007ffe0449f000 	C:\Windows\SYSTEM32\dwmapi.dll
0x00007ffe03a70000 - 0x00007ffe03b00000 	C:\Windows\SYSTEM32\apphelp.dll
0x00007ffe03b20000 - 0x00007ffe03bbe000 	C:\Windows\system32\uxtheme.dll

dbghelp: loaded successfully - version: 4.0.5 - missing functions: none
symbol engine: initialized successfully - sym options: 0x614 - pdb path: .;C:\Program Files\Android\Android Studio\jre\bin;C:\Windows\SYSTEM32;C:\Windows\WinSxS\amd64_microsoft.windows.common-controls_6595b64144ccf1df_6.0.19041.844_none_ca00b6081b84eb1d;C:\Program Files\Android\Android Studio\jre\bin\server;C:\Users\OMKUMAR\.gradle\native\fdc75f09e3144964f2cf3f50f0aa648679c211496f362492102eb8c894070792\windows-amd64;C:\Users\OMKUMAR\.gradle\native\12488b8bf47d2d4c9fbf2f6322a914ad602e24e48041cd04a747c6da556b65c4\windows-amd64

VM Arguments:
jvm_args: --add-opens=java.base/java.util=ALL-UNNAMED --add-opens=java.base/java.lang=ALL-UNNAMED --add-opens=java.base/java.lang.invoke=ALL-UNNAMED --add-opens=java.prefs/java.util.prefs=ALL-UNNAMED -Xmx2048m -Dfile.encoding=UTF-8 -Duser.country=IN -Duser.language=en -Duser.variant 
java_command: org.gradle.launcher.daemon.bootstrap.GradleDaemon 6.7.1
java_class_path (initial): C:\Users\OMKUMAR\.gradle\wrapper\dists\gradle-6.7.1-bin\bwlcbys1h7rz3272sye1xwiv6\gradle-6.7.1\lib\gradle-launcher-6.7.1.jar
Launcher Type: SUN_STANDARD

[Global flags]
     intx CICompilerCount                          = 4                                         {product} {ergonomic}
     uint ConcGCThreads                            = 2                                         {product} {ergonomic}
     uint G1ConcRefinementThreads                  = 8                                         {product} {ergonomic}
   size_t G1HeapRegionSize                         = 1048576                                   {product} {ergonomic}
    uintx GCDrainStackTargetSize                   = 64                                        {product} {ergonomic}
   size_t InitialHeapSize                          = 199229440                                 {product} {ergonomic}
   size_t MarkStackSize                            = 4194304                                   {product} {ergonomic}
   size_t MaxHeapSize                              = 2147483648                                {product} {command line}
   size_t MaxNewSize                               = 1287651328                                {product} {ergonomic}
   size_t MinHeapDeltaBytes                        = 1048576                                   {product} {ergonomic}
    uintx NonNMethodCodeHeapSize                   = 5836300                                {pd product} {ergonomic}
    uintx NonProfiledCodeHeapSize                  = 122910970                              {pd product} {ergonomic}
    uintx ProfiledCodeHeapSize                     = 122910970                              {pd product} {ergonomic}
    uintx ReservedCodeCacheSize                    = 251658240                              {pd product} {ergonomic}
     bool SegmentedCodeCache                       = true                                      {product} {ergonomic}
     bool UseCompressedClassPointers               = true                                 {lp64_product} {ergonomic}
     bool UseCompressedOops                        = true                                 {lp64_product} {ergonomic}
     bool UseG1GC                                  = true                                      {product} {ergonomic}
     bool UseLargePagesIndividualAllocation        = false                                  {pd product} {ergonomic}

Logging:
Log output configuration:
 #0: stdout all=warning uptime,level,tags
 #1: stderr all=off uptime,level,tags

Environment Variables:
PATH=C:\Program Files\Common Files\Oracle\Java\javapath;C:\Windows\system32;C:\Windows;C:\Windows\System32\Wbem;C:\Windows\System32\WindowsPowerShell\v1.0\;C:\Windows\System32\OpenSSH\;C:\Program Files\Git\cmd;C:\Users\OMKUMAR\anaconda3;C:\Users\OMKUMAR\anaconda3\Library\mingw-w64\bin;C:\Users\OMKUMAR\anaconda3\Library\usr\bin;C:\Users\OMKUMAR\anaconda3\Library\bin;C:\Users\OMKUMAR\anaconda3\Scripts;C:\Users\OMKUMAR\AppData\Local\Microsoft\WindowsApps;C:\Program Files\JetBrains\CLion 2021.1.1\bin;;C:\Users\OMKUMAR\AppData\Local\Programs\Microsoft VS Code\bin
USERNAME=OMKUMAR
OS=Windows_NT
PROCESSOR_IDENTIFIER=Intel64 Family 6 Model 126 Stepping 5, GenuineIntel



---------------  S Y S T E M  ---------------

OS: Windows 10 , 64 bit Build 19041 (10.0.19041.928)
OS uptime: 0 days 0:02 hours
HyperV virtualization detected

CPU:total 8 (initial active 8) (4 cores per cpu, 2 threads per core) family 6 model 126 stepping 5, cmov, cx8, fxsr, mmx, sse, sse2, sse3, ssse3, sse4.1, sse4.2, popcnt, avx, avx2, aes, clmul, erms, 3dnowpref, lzcnt, ht, tsc, tscinvbit, bmi1, bmi2, adx, evex, sha, fma

Memory: 4k page, system-wide physical 12083M (6445M free)
TotalPageFile size 15411M (AvailPageFile size 9986M)
current process WorkingSet (physical memory assigned to process): 559M, peak: 561M
current process commit charge ("private bytes"): 595M, peak: 597M

vm_info: OpenJDK 64-Bit Server VM (11.0.8+10-b944.6842174) for windows-amd64 JRE (11.0.8+10-b944.6842174), built on Sep 19 2020 01:11:42 by "builder" with MS VC++ 14.0 (VS2015)

END.
